{"total": {"lines":{"total":112,"covered":109,"skipped":0,"pct":97.32},"statements":{"total":112,"covered":109,"skipped":0,"pct":97.32},"functions":{"total":3,"covered":3,"skipped":0,"pct":100},"branches":{"total":28,"covered":22,"skipped":0,"pct":78.57},"branchesTrue":{"total":0,"covered":0,"skipped":0,"pct":"Unknown"}}
,"/Users/russarin/Desktop/Practical-SE/Bash-Frontend/src/lib/utilsCart.ts": {"lines":{"total":78,"covered":75,"skipped":0,"pct":96.15},"functions":{"total":2,"covered":2,"skipped":0,"pct":100},"statements":{"total":78,"covered":75,"skipped":0,"pct":96.15},"branches":{"total":16,"covered":12,"skipped":0,"pct":75}}
,"/Users/russarin/Desktop/Practical-SE/Bash-Frontend/src/lib/utilsSort.ts": {"lines":{"total":34,"covered":34,"skipped":0,"pct":100},"functions":{"total":1,"covered":1,"skipped":0,"pct":100},"statements":{"total":34,"covered":34,"skipped":0,"pct":100},"branches":{"total":12,"covered":10,"skipped":0,"pct":83.33}}
}
