<?xml version="1.0" encoding="UTF-8"?>
<robot generator="Robot 7.1.1 (Python 3.11.0 on win32)" generated="2024-11-25T15:10:23.488649" rpa="false" schemaversion="5">
<suite id="s1" name="TestAddCart 1 &amp; TestAddCart 2 &amp; TestAddCart 3 &amp; TestFilterBakery &amp; TestFilterCoffee &amp; TestFilterMatcha &amp; TestSearch 1 &amp; TestSearch 2 &amp; TestSearch 3">
<suite id="s1-s1" name="TestAddCart 1" source="C:\Software Quality\Testcase\ITCS473-Project-Phase2-ChickyShiningSparklingStar_CuteCute\project phase 2\automated test cases\TestAddCart_1.robot">
<test id="s1-s1-t1" name="Test opening browser" line="20">
<kw name="Open Browser" owner="SeleniumLibrary">
<msg time="2024-11-25T15:10:24.037913" level="INFO">Opening browser 'Chrome' to base url 'http://localhost:3000/'.</msg>
<arg>${bash_url}</arg>
<arg>${browser}</arg>
<doc>Opens a new browser instance to the optional ``url``.</doc>
<status status="PASS" start="2024-11-25T15:10:24.036996" elapsed="4.812404"/>
</kw>
<status status="PASS" start="2024-11-25T15:10:24.034601" elapsed="4.815396"/>
</test>
<test id="s1-s1-t2" name="Search Caramel Fresh Milk" line="23">
<kw name="Input Text" owner="SeleniumLibrary">
<msg time="2024-11-25T15:10:28.854081" level="INFO">Typing text 'Caramel Fresh Milk' into text field 'css:#searchInput'.</msg>
<arg>${search_bar}</arg>
<arg>${search_keyword}</arg>
<doc>Types the given ``text`` into the text field identified by ``locator``.</doc>
<status status="PASS" start="2024-11-25T15:10:28.852756" elapsed="0.458283"/>
</kw>
<kw name="Wait Until Element Is Visible" owner="SeleniumLibrary">
<arg>${search_result_container}</arg>
<doc>Waits until the element ``locator`` is visible.</doc>
<status status="PASS" start="2024-11-25T15:10:29.311039" elapsed="0.555392"/>
</kw>
<kw name="Get WebElements" owner="SeleniumLibrary">
<msg time="2024-11-25T15:10:29.894240" level="INFO">${menus} = [&lt;selenium.webdriver.remote.webelement.WebElement (session="b12ff4e6bca406b528125089ea9ea778", element="f.58E04FD163419D03C6B4DE50A8F67714.d.39667E4ACC481E960067C8BFF0B96943.e.19")&gt;]</msg>
<var>${menus}</var>
<arg>${search_result_container} &gt;&gt; ${menus}</arg>
<doc>Returns a list of WebElement objects matching the ``locator``.</doc>
<status status="PASS" start="2024-11-25T15:10:29.866431" elapsed="0.027809"/>
</kw>
<for flavor="IN">
<iter>
<kw name="Get Text" owner="SeleniumLibrary">
<msg time="2024-11-25T15:10:29.917551" level="INFO">${menu_title} = Caramel Fresh Milk</msg>
<var>${menu_title}</var>
<arg>${item}</arg>
<doc>Returns the text value of the element identified by ``locator``.</doc>
<status status="PASS" start="2024-11-25T15:10:29.895300" elapsed="0.023729"/>
</kw>
<kw name="Should Contain" owner="BuiltIn">
<arg>${menu_title.lower()}</arg>
<arg>${search_keyword.lower()}</arg>
<doc>Fails if ``container`` does not contain ``item`` one or more times.</doc>
<status status="PASS" start="2024-11-25T15:10:29.919029" elapsed="0.001021"/>
</kw>
<kw name="Run Keyword If" owner="BuiltIn">
<kw name="Click Element" owner="SeleniumLibrary">
<msg time="2024-11-25T15:10:29.922073" level="INFO">Clicking element 'css:#Card &gt; a &gt; div.Card_cardAddToCart__ji65r'.</msg>
<arg>css:#Card &gt; a &gt; div.Card_cardAddToCart__ji65r</arg>
<doc>Click the element identified by ``locator``.</doc>
<status status="PASS" start="2024-11-25T15:10:29.921081" elapsed="0.120581"/>
</kw>
<arg>'${menu_title.lower()}' == '${search_keyword.lower()}'</arg>
<arg>Click Element</arg>
<arg>css:#Card &gt; a &gt; div.Card_cardAddToCart__ji65r</arg>
<doc>Runs the given keyword with the given arguments, if ``condition`` is true.</doc>
<status status="PASS" start="2024-11-25T15:10:29.920050" elapsed="0.122647"/>
</kw>
<var name="${item}">&lt;selenium.webdriver.remote.webelement.WebElement (session="b12ff4e6bca406b528125089ea9ea778", element="f.58E04FD163419D03C6B4DE50A8F67714.d.39667E4ACC481E960067C8BFF0B96943.e.19")&gt;</var>
<status status="PASS" start="2024-11-25T15:10:29.895300" elapsed="0.147397"/>
</iter>
<var>${item}</var>
<value>@{menus}</value>
<status status="PASS" start="2024-11-25T15:10:29.894240" elapsed="0.148457"/>
</for>
<status status="PASS" start="2024-11-25T15:10:28.851268" elapsed="1.191429"/>
</test>
<test id="s1-s1-t3" name="Select Caramel Fresh Milk" line="34">
<kw name="Get WebElements" owner="SeleniumLibrary">
<msg time="2024-11-25T15:10:30.070448" level="INFO">${menus} = [&lt;selenium.webdriver.remote.webelement.WebElement (session="b12ff4e6bca406b528125089ea9ea778", element="f.58E04FD163419D03C6B4DE50A8F67714.d.39667E4ACC481E960067C8BFF0B96943.e.19")&gt;]</msg>
<var>${menus}</var>
<arg>${search_result_container} &gt;&gt; ${menus}</arg>
<doc>Returns a list of WebElement objects matching the ``locator``.</doc>
<status status="PASS" start="2024-11-25T15:10:30.044718" elapsed="0.025730"/>
</kw>
<for flavor="IN">
<iter>
<kw name="Get Text" owner="SeleniumLibrary">
<msg time="2024-11-25T15:10:30.091311" level="INFO">${menu_title} = Caramel Fresh Milk</msg>
<var>${menu_title}</var>
<arg>${item}</arg>
<doc>Returns the text value of the element identified by ``locator``.</doc>
<status status="PASS" start="2024-11-25T15:10:30.071924" elapsed="0.019387"/>
</kw>
<kw name="Evaluate" owner="BuiltIn">
<msg time="2024-11-25T15:10:30.093838" level="INFO">${is_match} = True</msg>
<var>${is_match}</var>
<arg>'${search_keyword.lower()}' in '${menu_title.lower()}'</arg>
<doc>Evaluates the given expression in Python and returns the result.</doc>
<status status="PASS" start="2024-11-25T15:10:30.091311" elapsed="0.002527"/>
</kw>
<kw name="Run Keyword If" owner="BuiltIn">
<kw name="Add Item To Cart">
<kw name="Get WebElement" owner="SeleniumLibrary">
<msg time="2024-11-25T15:10:30.108076" level="INFO">${add_button} = &lt;selenium.webdriver.remote.webelement.WebElement (session="b12ff4e6bca406b528125089ea9ea778", element="f.58E04FD163419D03C6B4DE50A8F67714.d.39667E4ACC481E960067C8BFF0B96943.e.21")&gt;</msg>
<var>${add_button}</var>
<arg>css:#Card &gt; a &gt; div.Card_cardAddToCart__ji65r</arg>
<doc>Returns the first WebElement matching the given ``locator``.</doc>
<status status="PASS" start="2024-11-25T15:10:30.094861" elapsed="0.013215"/>
</kw>
<kw name="Click Element" owner="SeleniumLibrary">
<msg time="2024-11-25T15:10:30.109076" level="INFO">Clicking element '&lt;selenium.webdriver.remote.webelement.WebElement (session="b12ff4e6bca406b528125089ea9ea778", element="f.58E04FD163419D03C6B4DE50A8F67714.d.39667E4ACC481E960067C8BFF0B96943.e.21")&gt;'.</msg>
<arg>${add_button}</arg>
<doc>Click the element identified by ``locator``.</doc>
<status status="PASS" start="2024-11-25T15:10:30.108076" elapsed="0.102115"/>
</kw>
<arg>${item}</arg>
<status status="PASS" start="2024-11-25T15:10:30.093838" elapsed="0.116353"/>
</kw>
<arg>${is_match}</arg>
<arg>Add Item To Cart</arg>
<arg>${item}</arg>
<doc>Runs the given keyword with the given arguments, if ``condition`` is true.</doc>
<status status="PASS" start="2024-11-25T15:10:30.093838" elapsed="0.116353"/>
</kw>
<kw name="Exit For Loop If" owner="BuiltIn">
<msg time="2024-11-25T15:10:30.211188" level="INFO">Exiting for loop altogether.</msg>
<arg>${is_match}</arg>
<doc>Stops executing the enclosing FOR loop if the ``condition`` is true.</doc>
<status status="PASS" start="2024-11-25T15:10:30.211188" elapsed="0.000000"/>
</kw>
<var name="${item}">&lt;selenium.webdriver.remote.webelement.WebElement (session="b12ff4e6bca406b528125089ea9ea778", element="f.58E04FD163419D03C6B4DE50A8F67714.d.39667E4ACC481E960067C8BFF0B96943.e.19")&gt;</var>
<status status="PASS" start="2024-11-25T15:10:30.071924" elapsed="0.139264"/>
</iter>
<var>${item}</var>
<value>@{menus}</value>
<status status="PASS" start="2024-11-25T15:10:30.071924" elapsed="0.139264"/>
</for>
<kw name="Wait Until Page Contains Element" owner="SeleniumLibrary">
<arg>${describtion_container}</arg>
<doc>Waits until the element ``locator`` appears on the current page.</doc>
<status status="PASS" start="2024-11-25T15:10:30.212191" elapsed="0.231207"/>
</kw>
<kw name="Get Text" owner="SeleniumLibrary">
<msg time="2024-11-25T15:10:30.469820" level="INFO">${menu_title} = Caramel Fresh Milk</msg>
<var>${menu_title}</var>
<arg>css:#description-page &gt; div &gt; h1</arg>
<doc>Returns the text value of the element identified by ``locator``.</doc>
<status status="PASS" start="2024-11-25T15:10:30.444399" elapsed="0.025421"/>
</kw>
<kw name="Should Contain" owner="BuiltIn">
<arg>${menu_title.lower()}</arg>
<arg>${search_keyword.lower()}</arg>
<doc>Fails if ``container`` does not contain ``item`` one or more times.</doc>
<status status="PASS" start="2024-11-25T15:10:30.471284" elapsed="0.001029"/>
</kw>
<status status="PASS" start="2024-11-25T15:10:30.043721" elapsed="0.428592"/>
</test>
<test id="s1-s1-t4" name="Select Type, Add-on, Sweetness of Caramel Fresh Milk" line="48">
<kw name="Get WebElement" owner="SeleniumLibrary">
<msg time="2024-11-25T15:10:30.490054" level="INFO">${type_cold} = &lt;selenium.webdriver.remote.webelement.WebElement (session="b12ff4e6bca406b528125089ea9ea778", element="f.58E04FD163419D03C6B4DE50A8F67714.d.39667E4ACC481E960067C8BFF0B96943.e.26")&gt;</msg>
<var>${type_cold}</var>
<arg>css:#description-page &gt; div &gt; div &gt; div:nth-child(2) &gt; button.description_option__pWJJk.description_selected__k62fm</arg>
<doc>Returns the first WebElement matching the given ``locator``.</doc>
<status status="PASS" start="2024-11-25T15:10:30.473300" elapsed="0.016754"/>
</kw>
<kw name="Get WebElement" owner="SeleniumLibrary">
<msg time="2024-11-25T15:10:30.508746" level="INFO">${sweetness_50} = &lt;selenium.webdriver.remote.webelement.WebElement (session="b12ff4e6bca406b528125089ea9ea778", element="f.58E04FD163419D03C6B4DE50A8F67714.d.39667E4ACC481E960067C8BFF0B96943.e.27")&gt;</msg>
<var>${sweetness_50}</var>
<arg>css:#description-page &gt; div &gt; div &gt; div:nth-child(6) &gt; button.description_option__pWJJk.description_selected__k62fm</arg>
<doc>Returns the first WebElement matching the given ``locator``.</doc>
<status status="PASS" start="2024-11-25T15:10:30.491055" elapsed="0.017691"/>
</kw>
<kw name="Get WebElement" owner="SeleniumLibrary">
<msg time="2024-11-25T15:10:30.524003" level="INFO">${add_on_oat_milk} = &lt;selenium.webdriver.remote.webelement.WebElement (session="b12ff4e6bca406b528125089ea9ea778", element="f.58E04FD163419D03C6B4DE50A8F67714.d.39667E4ACC481E960067C8BFF0B96943.e.28")&gt;</msg>
<var>${add_on_oat_milk}</var>
<arg>css:#Options &gt; button:nth-child(1)</arg>
<doc>Returns the first WebElement matching the given ``locator``.</doc>
<status status="PASS" start="2024-11-25T15:10:30.508746" elapsed="0.015257"/>
</kw>
<kw name="Get WebElement" owner="SeleniumLibrary">
<msg time="2024-11-25T15:10:30.539592" level="INFO">${addCart_button} = &lt;selenium.webdriver.remote.webelement.WebElement (session="b12ff4e6bca406b528125089ea9ea778", element="f.58E04FD163419D03C6B4DE50A8F67714.d.39667E4ACC481E960067C8BFF0B96943.e.29")&gt;</msg>
<var>${addCart_button}</var>
<arg>css:#description-page &gt; div &gt; div &gt; button</arg>
<doc>Returns the first WebElement matching the given ``locator``.</doc>
<status status="PASS" start="2024-11-25T15:10:30.525024" elapsed="0.014568"/>
</kw>
<kw name="Click Element" owner="SeleniumLibrary">
<msg time="2024-11-25T15:10:30.540632" level="INFO">Clicking element '&lt;selenium.webdriver.remote.webelement.WebElement (session="b12ff4e6bca406b528125089ea9ea778", element="f.58E04FD163419D03C6B4DE50A8F67714.d.39667E4ACC481E960067C8BFF0B96943.e.28")&gt;'.</msg>
<arg>${add_on_oat_milk}</arg>
<doc>Click the element identified by ``locator``.</doc>
<status status="PASS" start="2024-11-25T15:10:30.540632" elapsed="0.102765"/>
</kw>
<kw name="Get WebElement" owner="SeleniumLibrary">
<msg time="2024-11-25T15:10:30.660104" level="INFO">${add_on_oat_milk_clicked} = &lt;selenium.webdriver.remote.webelement.WebElement (session="b12ff4e6bca406b528125089ea9ea778", element="f.58E04FD163419D03C6B4DE50A8F67714.d.39667E4ACC481E960067C8BFF0B96943.e.28")&gt;</msg>
<var>${add_on_oat_milk_clicked}</var>
<arg>css:#Options &gt; button.description_option__pWJJk.description_selected__k62fm</arg>
<doc>Returns the first WebElement matching the given ``locator``.</doc>
<status status="PASS" start="2024-11-25T15:10:30.643397" elapsed="0.016707"/>
</kw>
<kw name="Element Should Be Visible" owner="SeleniumLibrary">
<msg time="2024-11-25T15:10:30.671749" level="INFO">Element '&lt;selenium.webdriver.remote.webelement.WebElement (session="b12ff4e6bca406b528125089ea9ea778", element="f.58E04FD163419D03C6B4DE50A8F67714.d.39667E4ACC481E960067C8BFF0B96943.e.28")&gt;' is displayed.</msg>
<arg>${add_on_oat_milk_clicked}</arg>
<doc>Verifies that the element identified by ``locator`` is visible.</doc>
<status status="PASS" start="2024-11-25T15:10:30.660104" elapsed="0.011645"/>
</kw>
<kw name="Click Element" owner="SeleniumLibrary">
<msg time="2024-11-25T15:10:30.672754" level="INFO">Clicking element '&lt;selenium.webdriver.remote.webelement.WebElement (session="b12ff4e6bca406b528125089ea9ea778", element="f.58E04FD163419D03C6B4DE50A8F67714.d.39667E4ACC481E960067C8BFF0B96943.e.26")&gt;'.</msg>
<arg>${type_cold}</arg>
<doc>Click the element identified by ``locator``.</doc>
<status status="PASS" start="2024-11-25T15:10:30.672754" elapsed="0.100141"/>
</kw>
<kw name="Get WebElement" owner="SeleniumLibrary">
<msg time="2024-11-25T15:10:30.786279" level="INFO">${clicked_type_cold} = &lt;selenium.webdriver.remote.webelement.WebElement (session="b12ff4e6bca406b528125089ea9ea778", element="f.58E04FD163419D03C6B4DE50A8F67714.d.39667E4ACC481E960067C8BFF0B96943.e.26")&gt;</msg>
<var>${clicked_type_cold}</var>
<arg>css:#description-page &gt; div &gt; div &gt; div:nth-child(2) &gt; button.description_option__pWJJk.description_selected__k62fm</arg>
<doc>Returns the first WebElement matching the given ``locator``.</doc>
<status status="PASS" start="2024-11-25T15:10:30.773899" elapsed="0.013388"/>
</kw>
<kw name="Wait Until Page Contains Element" owner="SeleniumLibrary">
<arg>${clicked_type_cold}</arg>
<doc>Waits until the element ``locator`` appears on the current page.</doc>
<status status="PASS" start="2024-11-25T15:10:30.787287" elapsed="0.000000"/>
</kw>
<kw name="Element Should Be Visible" owner="SeleniumLibrary">
<msg time="2024-11-25T15:10:30.800059" level="INFO">Element '&lt;selenium.webdriver.remote.webelement.WebElement (session="b12ff4e6bca406b528125089ea9ea778", element="f.58E04FD163419D03C6B4DE50A8F67714.d.39667E4ACC481E960067C8BFF0B96943.e.26")&gt;' is displayed.</msg>
<arg>${clicked_type_cold}</arg>
<doc>Verifies that the element identified by ``locator`` is visible.</doc>
<status status="PASS" start="2024-11-25T15:10:30.788565" elapsed="0.011494"/>
</kw>
<kw name="Click Element" owner="SeleniumLibrary">
<msg time="2024-11-25T15:10:30.801093" level="INFO">Clicking element '&lt;selenium.webdriver.remote.webelement.WebElement (session="b12ff4e6bca406b528125089ea9ea778", element="f.58E04FD163419D03C6B4DE50A8F67714.d.39667E4ACC481E960067C8BFF0B96943.e.27")&gt;'.</msg>
<arg>${sweetness_50}</arg>
<doc>Click the element identified by ``locator``.</doc>
<status status="PASS" start="2024-11-25T15:10:30.800059" elapsed="0.086201"/>
</kw>
<kw name="Get WebElement" owner="SeleniumLibrary">
<msg time="2024-11-25T15:10:30.897522" level="INFO">${clicked_sweetness_50} = &lt;selenium.webdriver.remote.webelement.WebElement (session="b12ff4e6bca406b528125089ea9ea778", element="f.58E04FD163419D03C6B4DE50A8F67714.d.39667E4ACC481E960067C8BFF0B96943.e.27")&gt;</msg>
<var>${clicked_sweetness_50}</var>
<arg>css:#description-page &gt; div &gt; div &gt; div:nth-child(6) &gt; button.description_option__pWJJk.description_selected__k62fm</arg>
<doc>Returns the first WebElement matching the given ``locator``.</doc>
<status status="PASS" start="2024-11-25T15:10:30.887260" elapsed="0.010262"/>
</kw>
<kw name="Wait Until Page Contains Element" owner="SeleniumLibrary">
<arg>${clicked_sweetness_50}</arg>
<doc>Waits until the element ``locator`` appears on the current page.</doc>
<status status="PASS" start="2024-11-25T15:10:30.898885" elapsed="0.000000"/>
</kw>
<kw name="Element Should Be Visible" owner="SeleniumLibrary">
<msg time="2024-11-25T15:10:30.910520" level="INFO">Element '&lt;selenium.webdriver.remote.webelement.WebElement (session="b12ff4e6bca406b528125089ea9ea778", element="f.58E04FD163419D03C6B4DE50A8F67714.d.39667E4ACC481E960067C8BFF0B96943.e.27")&gt;' is displayed.</msg>
<arg>${clicked_sweetness_50}</arg>
<doc>Verifies that the element identified by ``locator`` is visible.</doc>
<status status="PASS" start="2024-11-25T15:10:30.898885" elapsed="0.011635"/>
</kw>
<status status="PASS" start="2024-11-25T15:10:30.473300" elapsed="0.437220"/>
</test>
<test id="s1-s1-t5" name="Add Caramel Fresh Milk To Cart" line="68">
<kw name="Get WebElement" owner="SeleniumLibrary">
<msg time="2024-11-25T15:10:30.924764" level="INFO">${addCart_button} = &lt;selenium.webdriver.remote.webelement.WebElement (session="b12ff4e6bca406b528125089ea9ea778", element="f.58E04FD163419D03C6B4DE50A8F67714.d.39667E4ACC481E960067C8BFF0B96943.e.29")&gt;</msg>
<var>${addCart_button}</var>
<arg>css:#description-page &gt; div &gt; div &gt; button</arg>
<doc>Returns the first WebElement matching the given ``locator``.</doc>
<status status="PASS" start="2024-11-25T15:10:30.912543" elapsed="0.012221"/>
</kw>
<kw name="Click Element" owner="SeleniumLibrary">
<msg time="2024-11-25T15:10:30.925818" level="INFO">Clicking element '&lt;selenium.webdriver.remote.webelement.WebElement (session="b12ff4e6bca406b528125089ea9ea778", element="f.58E04FD163419D03C6B4DE50A8F67714.d.39667E4ACC481E960067C8BFF0B96943.e.29")&gt;'.</msg>
<arg>${addCart_button}</arg>
<doc>Click the element identified by ``locator``.</doc>
<status status="PASS" start="2024-11-25T15:10:30.925818" elapsed="0.095708"/>
</kw>
<kw name="Get WebElement" owner="SeleniumLibrary">
<msg time="2024-11-25T15:10:31.043249" level="INFO">${successful_container} = &lt;selenium.webdriver.remote.webelement.WebElement (session="b12ff4e6bca406b528125089ea9ea778", element="f.58E04FD163419D03C6B4DE50A8F67714.d.39667E4ACC481E960067C8BFF0B96943.e.30")&gt;</msg>
<var>${successful_container}</var>
<arg>css:body &gt; main &gt; div.description_modal-overlay__pwguD &gt; div</arg>
<doc>Returns the first WebElement matching the given ``locator``.</doc>
<status status="PASS" start="2024-11-25T15:10:31.022081" elapsed="0.021168"/>
</kw>
<kw name="Wait Until Element Is Visible" owner="SeleniumLibrary">
<arg>${successful_container}</arg>
<doc>Waits until the element ``locator`` is visible.</doc>
<status status="PASS" start="2024-11-25T15:10:31.044325" elapsed="0.012466"/>
</kw>
<kw name="Get Text" owner="SeleniumLibrary">
<msg time="2024-11-25T15:10:31.085958" level="INFO">${successful_text} = Item added to cart successfully!</msg>
<var>${successful_text}</var>
<arg>css:body &gt; main &gt; div.description_modal-overlay__pwguD &gt; div &gt; p</arg>
<doc>Returns the text value of the element identified by ``locator``.</doc>
<status status="PASS" start="2024-11-25T15:10:31.057351" elapsed="0.028607"/>
</kw>
<kw name="Should Contain" owner="BuiltIn">
<arg>${successful_text}</arg>
<arg>Item added to cart successfully!</arg>
<doc>Fails if ``container`` does not contain ``item`` one or more times.</doc>
<status status="PASS" start="2024-11-25T15:10:31.086962" elapsed="0.001008"/>
</kw>
<status status="PASS" start="2024-11-25T15:10:30.911562" elapsed="0.176408"/>
</test>
<test id="s1-s1-t6" name="Navigate Back To Homepage After Add Caramel Fresh Milk" line="76">
<kw name="Get WebElement" owner="SeleniumLibrary">
<msg time="2024-11-25T15:10:31.109183" level="INFO">${close_button} = &lt;selenium.webdriver.remote.webelement.WebElement (session="b12ff4e6bca406b528125089ea9ea778", element="f.58E04FD163419D03C6B4DE50A8F67714.d.39667E4ACC481E960067C8BFF0B96943.e.33")&gt;</msg>
<var>${close_button}</var>
<arg>css:body &gt; main &gt; div.description_modal-overlay__pwguD &gt; div &gt; button</arg>
<doc>Returns the first WebElement matching the given ``locator``.</doc>
<status status="PASS" start="2024-11-25T15:10:31.090576" elapsed="0.018607"/>
</kw>
<kw name="Click Element" owner="SeleniumLibrary">
<msg time="2024-11-25T15:10:31.110218" level="INFO">Clicking element '&lt;selenium.webdriver.remote.webelement.WebElement (session="b12ff4e6bca406b528125089ea9ea778", element="f.58E04FD163419D03C6B4DE50A8F67714.d.39667E4ACC481E960067C8BFF0B96943.e.33")&gt;'.</msg>
<arg>${close_button}</arg>
<doc>Click the element identified by ``locator``.</doc>
<status status="PASS" start="2024-11-25T15:10:31.109690" elapsed="0.102888"/>
</kw>
<kw name="Wait Until Page Contains Element" owner="SeleniumLibrary">
<arg>${homepage}</arg>
<doc>Waits until the element ``locator`` appears on the current page.</doc>
<status status="PASS" start="2024-11-25T15:10:31.212578" elapsed="0.080720"/>
</kw>
<kw name="Element Should Be Visible" owner="SeleniumLibrary">
<msg time="2024-11-25T15:10:31.334840" level="INFO">Element 'css:body &gt; main' is displayed.</msg>
<arg>${homepage}</arg>
<doc>Verifies that the element identified by ``locator`` is visible.</doc>
<status status="PASS" start="2024-11-25T15:10:31.294665" elapsed="0.040175"/>
</kw>
<status status="PASS" start="2024-11-25T15:10:31.088959" elapsed="0.246901"/>
</test>
<test id="s1-s1-t7" name="Caramel Fresh Milk Added In Cart" line="82">
<kw name="Get WebElement" owner="SeleniumLibrary">
<msg time="2024-11-25T15:10:31.356366" level="INFO">${cart_button} = &lt;selenium.webdriver.remote.webelement.WebElement (session="b12ff4e6bca406b528125089ea9ea778", element="f.58E04FD163419D03C6B4DE50A8F67714.d.39667E4ACC481E960067C8BFF0B96943.e.46")&gt;</msg>
<var>${cart_button}</var>
<arg>css:body &gt; main &gt; main &gt; header &gt; ul &gt; li:nth-child(1)</arg>
<doc>Returns the first WebElement matching the given ``locator``.</doc>
<status status="PASS" start="2024-11-25T15:10:31.337857" elapsed="0.018509"/>
</kw>
<kw name="Click Element" owner="SeleniumLibrary">
<msg time="2024-11-25T15:10:31.356366" level="INFO">Clicking element '&lt;selenium.webdriver.remote.webelement.WebElement (session="b12ff4e6bca406b528125089ea9ea778", element="f.58E04FD163419D03C6B4DE50A8F67714.d.39667E4ACC481E960067C8BFF0B96943.e.46")&gt;'.</msg>
<arg>${cart_button}</arg>
<doc>Click the element identified by ``locator``.</doc>
<status status="PASS" start="2024-11-25T15:10:31.356366" elapsed="0.097513"/>
</kw>
<kw name="Wait Until Page Contains Element" owner="SeleniumLibrary">
<arg>css:body &gt; main &gt; div.cartPage_miscContainer__RltQF</arg>
<doc>Waits until the element ``locator`` appears on the current page.</doc>
<status status="PASS" start="2024-11-25T15:10:31.455077" elapsed="0.445332"/>
</kw>
<kw name="Get Text" owner="SeleniumLibrary">
<msg time="2024-11-25T15:10:31.927926" level="INFO">${item_title} = Caramel Fresh Milk</msg>
<var>${item_title}</var>
<arg>css:body &gt; main &gt; div.cartPage_itemContainer__Tuk8W &gt; div &gt; div.CartItem_itemInfo__Z5gbv &gt; h3</arg>
<doc>Returns the text value of the element identified by ``locator``.</doc>
<status status="PASS" start="2024-11-25T15:10:31.900409" elapsed="0.027517"/>
</kw>
<kw name="Get Text" owner="SeleniumLibrary">
<msg time="2024-11-25T15:10:31.961206" level="INFO">${item_detail} = Hot, 50%, Oat Milk</msg>
<var>${item_detail}</var>
<arg>css:body &gt; main &gt; div.cartPage_itemContainer__Tuk8W &gt; div &gt; div.CartItem_itemInfo__Z5gbv &gt; p</arg>
<doc>Returns the text value of the element identified by ``locator``.</doc>
<status status="PASS" start="2024-11-25T15:10:31.928928" elapsed="0.032278"/>
</kw>
<kw name="Should Contain" owner="BuiltIn">
<arg>${item_title}</arg>
<arg>Caramel Fresh Milk</arg>
<doc>Fails if ``container`` does not contain ``item`` one or more times.</doc>
<status status="PASS" start="2024-11-25T15:10:31.961206" elapsed="0.001022"/>
</kw>
<kw name="Should Contain" owner="BuiltIn">
<arg>${item_detail}</arg>
<arg>Hot, 50%, Oat Milk</arg>
<doc>Fails if ``container`` does not contain ``item`` one or more times.</doc>
<status status="PASS" start="2024-11-25T15:10:31.962228" elapsed="0.001023"/>
</kw>
<status status="PASS" start="2024-11-25T15:10:31.337857" elapsed="0.625394"/>
</test>
<kw name="Close Browser" owner="SeleniumLibrary" type="TEARDOWN">
<doc>Closes the current browser.</doc>
<status status="PASS" start="2024-11-25T15:10:31.964659" elapsed="2.351361"/>
</kw>
<status status="PASS" start="2024-11-25T15:10:23.532266" elapsed="10.783754"/>
</suite>
<suite id="s1-s2" name="TestAddCart 2" source="C:\Software Quality\Testcase\ITCS473-Project-Phase2-ChickyShiningSparklingStar_CuteCute\project phase 2\automated test cases\TestAddCart_2.robot">
<test id="s1-s2-t1" name="Test opening browser" line="21">
<kw name="Open Browser" owner="SeleniumLibrary">
<msg time="2024-11-25T15:10:34.326578" level="INFO">Opening browser 'Chrome' to base url 'http://localhost:3000/'.</msg>
<arg>${bash_url}</arg>
<arg>${browser}</arg>
<doc>Opens a new browser instance to the optional ``url``.</doc>
<status status="PASS" start="2024-11-25T15:10:34.326578" elapsed="3.608663"/>
</kw>
<status status="PASS" start="2024-11-25T15:10:34.325578" elapsed="3.609663"/>
</test>
<test id="s1-s2-t2" name="Search Orange Matcha" line="24">
<kw name="Input Text" owner="SeleniumLibrary">
<msg time="2024-11-25T15:10:37.938261" level="INFO">Typing text 'Orange Matcha' into text field 'css:#searchInput'.</msg>
<arg>${search_bar}</arg>
<arg>${search_keyword}</arg>
<doc>Types the given ``text`` into the text field identified by ``locator``.</doc>
<status status="PASS" start="2024-11-25T15:10:37.937240" elapsed="0.367789"/>
</kw>
<kw name="Wait Until Element Is Visible" owner="SeleniumLibrary">
<arg>${search_result_container}</arg>
<doc>Waits until the element ``locator`` is visible.</doc>
<status status="PASS" start="2024-11-25T15:10:38.305029" elapsed="0.676836"/>
</kw>
<kw name="Get WebElements" owner="SeleniumLibrary">
<msg time="2024-11-25T15:10:39.003036" level="INFO">${menus} = [&lt;selenium.webdriver.remote.webelement.WebElement (session="e6fac6638a05fad92bf4721a11b2964a", element="f.28F27208747987A7F2D21E4230FED8B4.d.DDAFF596677454A0FE518E69024A5BE1.e.21")&gt;]</msg>
<var>${menus}</var>
<arg>${search_result_container} &gt;&gt; ${menus}</arg>
<doc>Returns a list of WebElement objects matching the ``locator``.</doc>
<status status="PASS" start="2024-11-25T15:10:38.982906" elapsed="0.020639"/>
</kw>
<for flavor="IN">
<iter>
<kw name="Get Text" owner="SeleniumLibrary">
<msg time="2024-11-25T15:10:39.020053" level="INFO">${menu_title} = Orange Matcha 👍</msg>
<var>${menu_title}</var>
<arg>${item}</arg>
<doc>Returns the text value of the element identified by ``locator``.</doc>
<status status="PASS" start="2024-11-25T15:10:39.003545" elapsed="0.016508"/>
</kw>
<kw name="Should Contain" owner="BuiltIn">
<arg>${menu_title.lower()}</arg>
<arg>${search_keyword.lower()}</arg>
<doc>Fails if ``container`` does not contain ``item`` one or more times.</doc>
<status status="PASS" start="2024-11-25T15:10:39.020053" elapsed="0.001064"/>
</kw>
<var name="${item}">&lt;selenium.webdriver.remote.webelement.WebElement (session="e6fac6638a05fad92bf4721a11b2964a", element="f.28F27208747987A7F2D21E4230FED8B4.d.DDAFF596677454A0FE518E69024A5BE1.e.21")&gt;</var>
<status status="PASS" start="2024-11-25T15:10:39.003545" elapsed="0.017572"/>
</iter>
<var>${item}</var>
<value>@{menus}</value>
<status status="PASS" start="2024-11-25T15:10:39.003545" elapsed="0.018646"/>
</for>
<status status="PASS" start="2024-11-25T15:10:37.937240" elapsed="1.084951"/>
</test>
<test id="s1-s2-t3" name="Select Orange Matcha" line="34">
<kw name="Get WebElements" owner="SeleniumLibrary">
<msg time="2024-11-25T15:10:39.040657" level="INFO">${menus} = [&lt;selenium.webdriver.remote.webelement.WebElement (session="e6fac6638a05fad92bf4721a11b2964a", element="f.28F27208747987A7F2D21E4230FED8B4.d.DDAFF596677454A0FE518E69024A5BE1.e.21")&gt;]</msg>
<var>${menus}</var>
<arg>${search_result_container} &gt;&gt; ${menus}</arg>
<doc>Returns a list of WebElement objects matching the ``locator``.</doc>
<status status="PASS" start="2024-11-25T15:10:39.023207" elapsed="0.017450"/>
</kw>
<for flavor="IN">
<iter>
<kw name="Get Text" owner="SeleniumLibrary">
<msg time="2024-11-25T15:10:39.052880" level="INFO">${menu_title} = Orange Matcha 👍</msg>
<var>${menu_title}</var>
<arg>${item}</arg>
<doc>Returns the text value of the element identified by ``locator``.</doc>
<status status="PASS" start="2024-11-25T15:10:39.042045" elapsed="0.010835"/>
</kw>
<kw name="Evaluate" owner="BuiltIn">
<msg time="2024-11-25T15:10:39.053889" level="INFO">${is_match} = True</msg>
<var>${is_match}</var>
<arg>'${search_keyword.lower()}' in '${menu_title.lower()}'</arg>
<doc>Evaluates the given expression in Python and returns the result.</doc>
<status status="PASS" start="2024-11-25T15:10:39.052880" elapsed="0.001009"/>
</kw>
<kw name="Run Keyword If" owner="BuiltIn">
<kw name="Add Item To Cart">
<kw name="Get WebElement" owner="SeleniumLibrary">
<msg time="2024-11-25T15:10:39.067766" level="INFO">${add_button} = &lt;selenium.webdriver.remote.webelement.WebElement (session="e6fac6638a05fad92bf4721a11b2964a", element="f.28F27208747987A7F2D21E4230FED8B4.d.DDAFF596677454A0FE518E69024A5BE1.e.22")&gt;</msg>
<var>${add_button}</var>
<arg>css:#Card &gt; a &gt; div.Card_cardAddToCart__ji65r</arg>
<doc>Returns the first WebElement matching the given ``locator``.</doc>
<status status="PASS" start="2024-11-25T15:10:39.054902" elapsed="0.012864"/>
</kw>
<kw name="Click Element" owner="SeleniumLibrary">
<msg time="2024-11-25T15:10:39.067766" level="INFO">Clicking element '&lt;selenium.webdriver.remote.webelement.WebElement (session="e6fac6638a05fad92bf4721a11b2964a", element="f.28F27208747987A7F2D21E4230FED8B4.d.DDAFF596677454A0FE518E69024A5BE1.e.22")&gt;'.</msg>
<arg>${add_button}</arg>
<doc>Click the element identified by ``locator``.</doc>
<status status="PASS" start="2024-11-25T15:10:39.067766" elapsed="0.087659"/>
</kw>
<arg>${item}</arg>
<status status="PASS" start="2024-11-25T15:10:39.053889" elapsed="0.101536"/>
</kw>
<arg>${is_match}</arg>
<arg>Add Item To Cart</arg>
<arg>${item}</arg>
<doc>Runs the given keyword with the given arguments, if ``condition`` is true.</doc>
<status status="PASS" start="2024-11-25T15:10:39.053889" elapsed="0.101536"/>
</kw>
<kw name="Exit For Loop If" owner="BuiltIn">
<msg time="2024-11-25T15:10:39.156778" level="INFO">Exiting for loop altogether.</msg>
<arg>${is_match}</arg>
<doc>Stops executing the enclosing FOR loop if the ``condition`` is true.</doc>
<status status="PASS" start="2024-11-25T15:10:39.156778" elapsed="0.000000"/>
</kw>
<var name="${item}">&lt;selenium.webdriver.remote.webelement.WebElement (session="e6fac6638a05fad92bf4721a11b2964a", element="f.28F27208747987A7F2D21E4230FED8B4.d.DDAFF596677454A0FE518E69024A5BE1.e.21")&gt;</var>
<status status="PASS" start="2024-11-25T15:10:39.042045" elapsed="0.114733"/>
</iter>
<var>${item}</var>
<value>@{menus}</value>
<status status="PASS" start="2024-11-25T15:10:39.040657" elapsed="0.116121"/>
</for>
<kw name="Wait Until Page Contains Element" owner="SeleniumLibrary">
<arg>${describtion_container}</arg>
<doc>Waits until the element ``locator`` appears on the current page.</doc>
<status status="PASS" start="2024-11-25T15:10:39.156778" elapsed="0.232805"/>
</kw>
<kw name="Get Text" owner="SeleniumLibrary">
<msg time="2024-11-25T15:10:39.418953" level="INFO">${menu_title} = Orange Matcha</msg>
<var>${menu_title}</var>
<arg>css:#description-page &gt; div &gt; h1</arg>
<doc>Returns the text value of the element identified by ``locator``.</doc>
<status status="PASS" start="2024-11-25T15:10:39.390827" elapsed="0.028126"/>
</kw>
<kw name="Should Contain" owner="BuiltIn">
<arg>${menu_title.lower()}</arg>
<arg>${search_keyword.lower()}</arg>
<doc>Fails if ``container`` does not contain ``item`` one or more times.</doc>
<status status="PASS" start="2024-11-25T15:10:39.420363" elapsed="0.001303"/>
</kw>
<status status="PASS" start="2024-11-25T15:10:39.023207" elapsed="0.399483"/>
</test>
<test id="s1-s2-t4" name="Select Type, Add-on, Sweetness of Orange Matcha" line="48">
<kw name="Get WebElement" owner="SeleniumLibrary">
<msg time="2024-11-25T15:10:39.439702" level="INFO">${type_cold} = &lt;selenium.webdriver.remote.webelement.WebElement (session="e6fac6638a05fad92bf4721a11b2964a", element="f.28F27208747987A7F2D21E4230FED8B4.d.DDAFF596677454A0FE518E69024A5BE1.e.27")&gt;</msg>
<var>${type_cold}</var>
<arg>css:#description-page &gt; div &gt; div &gt; div:nth-child(2) &gt; button</arg>
<doc>Returns the first WebElement matching the given ``locator``.</doc>
<status status="PASS" start="2024-11-25T15:10:39.424686" elapsed="0.015016"/>
</kw>
<kw name="Get WebElement" owner="SeleniumLibrary">
<msg time="2024-11-25T15:10:39.457523" level="INFO">${sweetness_75} = &lt;selenium.webdriver.remote.webelement.WebElement (session="e6fac6638a05fad92bf4721a11b2964a", element="f.28F27208747987A7F2D21E4230FED8B4.d.DDAFF596677454A0FE518E69024A5BE1.e.28")&gt;</msg>
<var>${sweetness_75}</var>
<arg>css:#description-page &gt; div &gt; div &gt; div:nth-child(4) &gt; button:nth-child(4)</arg>
<doc>Returns the first WebElement matching the given ``locator``.</doc>
<status status="PASS" start="2024-11-25T15:10:39.440699" elapsed="0.016824"/>
</kw>
<kw name="Get WebElement" owner="SeleniumLibrary">
<msg time="2024-11-25T15:10:39.471964" level="INFO">${addCart_button} = &lt;selenium.webdriver.remote.webelement.WebElement (session="e6fac6638a05fad92bf4721a11b2964a", element="f.28F27208747987A7F2D21E4230FED8B4.d.DDAFF596677454A0FE518E69024A5BE1.e.29")&gt;</msg>
<var>${addCart_button}</var>
<arg>css:#description-page &gt; div &gt; div &gt; button</arg>
<doc>Returns the first WebElement matching the given ``locator``.</doc>
<status status="PASS" start="2024-11-25T15:10:39.457523" elapsed="0.014441"/>
</kw>
<kw name="Click Element" owner="SeleniumLibrary">
<msg time="2024-11-25T15:10:39.473463" level="INFO">Clicking element '&lt;selenium.webdriver.remote.webelement.WebElement (session="e6fac6638a05fad92bf4721a11b2964a", element="f.28F27208747987A7F2D21E4230FED8B4.d.DDAFF596677454A0FE518E69024A5BE1.e.27")&gt;'.</msg>
<arg>${type_cold}</arg>
<doc>Click the element identified by ``locator``.</doc>
<status status="PASS" start="2024-11-25T15:10:39.471964" elapsed="0.072901"/>
</kw>
<kw name="Get WebElement" owner="SeleniumLibrary">
<msg time="2024-11-25T15:10:39.560739" level="INFO">${clicked_type_cold} = &lt;selenium.webdriver.remote.webelement.WebElement (session="e6fac6638a05fad92bf4721a11b2964a", element="f.28F27208747987A7F2D21E4230FED8B4.d.DDAFF596677454A0FE518E69024A5BE1.e.27")&gt;</msg>
<var>${clicked_type_cold}</var>
<arg>css:#description-page &gt; div &gt; div &gt; div:nth-child(2) &gt; button.description_option__pWJJk.description_selected__k62fm</arg>
<doc>Returns the first WebElement matching the given ``locator``.</doc>
<status status="PASS" start="2024-11-25T15:10:39.545879" elapsed="0.014860"/>
</kw>
<kw name="Wait Until Page Contains Element" owner="SeleniumLibrary">
<arg>${clicked_type_cold}</arg>
<doc>Waits until the element ``locator`` appears on the current page.</doc>
<status status="PASS" start="2024-11-25T15:10:39.560739" elapsed="0.000000"/>
</kw>
<kw name="Element Should Be Visible" owner="SeleniumLibrary">
<msg time="2024-11-25T15:10:39.569790" level="INFO">Element '&lt;selenium.webdriver.remote.webelement.WebElement (session="e6fac6638a05fad92bf4721a11b2964a", element="f.28F27208747987A7F2D21E4230FED8B4.d.DDAFF596677454A0FE518E69024A5BE1.e.27")&gt;' is displayed.</msg>
<arg>${clicked_type_cold}</arg>
<doc>Verifies that the element identified by ``locator`` is visible.</doc>
<status status="PASS" start="2024-11-25T15:10:39.561737" elapsed="0.009523"/>
</kw>
<kw name="Click Element" owner="SeleniumLibrary">
<msg time="2024-11-25T15:10:39.571803" level="INFO">Clicking element '&lt;selenium.webdriver.remote.webelement.WebElement (session="e6fac6638a05fad92bf4721a11b2964a", element="f.28F27208747987A7F2D21E4230FED8B4.d.DDAFF596677454A0FE518E69024A5BE1.e.28")&gt;'.</msg>
<arg>${sweetness_75}</arg>
<doc>Click the element identified by ``locator``.</doc>
<status status="PASS" start="2024-11-25T15:10:39.571260" elapsed="0.080943"/>
</kw>
<kw name="Get WebElement" owner="SeleniumLibrary">
<msg time="2024-11-25T15:10:39.664281" level="INFO">${clicked_sweetness_75} = &lt;selenium.webdriver.remote.webelement.WebElement (session="e6fac6638a05fad92bf4721a11b2964a", element="f.28F27208747987A7F2D21E4230FED8B4.d.DDAFF596677454A0FE518E69024A5BE1.e.28")&gt;</msg>
<var>${clicked_sweetness_75}</var>
<arg>css:#description-page &gt; div &gt; div &gt; div:nth-child(4) &gt; button.description_option__pWJJk.description_selected__k62fm</arg>
<doc>Returns the first WebElement matching the given ``locator``.</doc>
<status status="PASS" start="2024-11-25T15:10:39.652203" elapsed="0.012078"/>
</kw>
<kw name="Wait Until Page Contains Element" owner="SeleniumLibrary">
<arg>${clicked_sweetness_75}</arg>
<doc>Waits until the element ``locator`` appears on the current page.</doc>
<status status="PASS" start="2024-11-25T15:10:39.665530" elapsed="0.000000"/>
</kw>
<kw name="Element Should Be Visible" owner="SeleniumLibrary">
<msg time="2024-11-25T15:10:39.677090" level="INFO">Element '&lt;selenium.webdriver.remote.webelement.WebElement (session="e6fac6638a05fad92bf4721a11b2964a", element="f.28F27208747987A7F2D21E4230FED8B4.d.DDAFF596677454A0FE518E69024A5BE1.e.28")&gt;' is displayed.</msg>
<arg>${clicked_sweetness_75}</arg>
<doc>Verifies that the element identified by ``locator`` is visible.</doc>
<status status="PASS" start="2024-11-25T15:10:39.665530" elapsed="0.011560"/>
</kw>
<status status="PASS" start="2024-11-25T15:10:39.423684" elapsed="0.254921"/>
</test>
<test id="s1-s2-t5" name="Add Orange Matcha To Cart" line="63">
<kw name="Get WebElement" owner="SeleniumLibrary">
<msg time="2024-11-25T15:10:39.689087" level="INFO">${addCart_button} = &lt;selenium.webdriver.remote.webelement.WebElement (session="e6fac6638a05fad92bf4721a11b2964a", element="f.28F27208747987A7F2D21E4230FED8B4.d.DDAFF596677454A0FE518E69024A5BE1.e.29")&gt;</msg>
<var>${addCart_button}</var>
<arg>css:#description-page &gt; div &gt; div &gt; button</arg>
<doc>Returns the first WebElement matching the given ``locator``.</doc>
<status status="PASS" start="2024-11-25T15:10:39.679619" elapsed="0.009468"/>
</kw>
<kw name="Click Element" owner="SeleniumLibrary">
<msg time="2024-11-25T15:10:39.690102" level="INFO">Clicking element '&lt;selenium.webdriver.remote.webelement.WebElement (session="e6fac6638a05fad92bf4721a11b2964a", element="f.28F27208747987A7F2D21E4230FED8B4.d.DDAFF596677454A0FE518E69024A5BE1.e.29")&gt;'.</msg>
<arg>${addCart_button}</arg>
<doc>Click the element identified by ``locator``.</doc>
<status status="PASS" start="2024-11-25T15:10:39.689087" elapsed="0.079945"/>
</kw>
<kw name="Get WebElement" owner="SeleniumLibrary">
<msg time="2024-11-25T15:10:39.782926" level="INFO">${successful_container} = &lt;selenium.webdriver.remote.webelement.WebElement (session="e6fac6638a05fad92bf4721a11b2964a", element="f.28F27208747987A7F2D21E4230FED8B4.d.DDAFF596677454A0FE518E69024A5BE1.e.30")&gt;</msg>
<var>${successful_container}</var>
<arg>css:body &gt; main &gt; div.description_modal-overlay__pwguD &gt; div</arg>
<doc>Returns the first WebElement matching the given ``locator``.</doc>
<status status="PASS" start="2024-11-25T15:10:39.769032" elapsed="0.013894"/>
</kw>
<kw name="Wait Until Element Is Visible" owner="SeleniumLibrary">
<arg>${successful_container}</arg>
<doc>Waits until the element ``locator`` is visible.</doc>
<status status="PASS" start="2024-11-25T15:10:39.782926" elapsed="0.009531"/>
</kw>
<kw name="Get Text" owner="SeleniumLibrary">
<msg time="2024-11-25T15:10:39.816693" level="INFO">${successful_text} = Item added to cart successfully!</msg>
<var>${successful_text}</var>
<arg>css:body &gt; main &gt; div.description_modal-overlay__pwguD &gt; div &gt; p</arg>
<doc>Returns the text value of the element identified by ``locator``.</doc>
<status status="PASS" start="2024-11-25T15:10:39.793456" elapsed="0.023237"/>
</kw>
<kw name="Should Contain" owner="BuiltIn">
<arg>${successful_text}</arg>
<arg>Item added to cart successfully!</arg>
<doc>Fails if ``container`` does not contain ``item`` one or more times.</doc>
<status status="PASS" start="2024-11-25T15:10:39.817693" elapsed="0.000000"/>
</kw>
<status status="PASS" start="2024-11-25T15:10:39.678605" elapsed="0.139088"/>
</test>
<test id="s1-s2-t6" name="Navigate Back To Homepage After Add Orange Matcha" line="71">
<kw name="Get WebElement" owner="SeleniumLibrary">
<msg time="2024-11-25T15:10:39.837143" level="INFO">${close_button} = &lt;selenium.webdriver.remote.webelement.WebElement (session="e6fac6638a05fad92bf4721a11b2964a", element="f.28F27208747987A7F2D21E4230FED8B4.d.DDAFF596677454A0FE518E69024A5BE1.e.32")&gt;</msg>
<var>${close_button}</var>
<arg>css:body &gt; main &gt; div.description_modal-overlay__pwguD &gt; div &gt; button</arg>
<doc>Returns the first WebElement matching the given ``locator``.</doc>
<status status="PASS" start="2024-11-25T15:10:39.820127" elapsed="0.017016"/>
</kw>
<kw name="Click Element" owner="SeleniumLibrary">
<msg time="2024-11-25T15:10:39.838196" level="INFO">Clicking element '&lt;selenium.webdriver.remote.webelement.WebElement (session="e6fac6638a05fad92bf4721a11b2964a", element="f.28F27208747987A7F2D21E4230FED8B4.d.DDAFF596677454A0FE518E69024A5BE1.e.32")&gt;'.</msg>
<arg>${close_button}</arg>
<doc>Click the element identified by ``locator``.</doc>
<status status="PASS" start="2024-11-25T15:10:39.838196" elapsed="0.086936"/>
</kw>
<kw name="Wait Until Page Contains Element" owner="SeleniumLibrary">
<arg>${homepage}</arg>
<doc>Waits until the element ``locator`` appears on the current page.</doc>
<status status="PASS" start="2024-11-25T15:10:39.925132" elapsed="0.096244"/>
</kw>
<kw name="Element Should Be Visible" owner="SeleniumLibrary">
<msg time="2024-11-25T15:10:40.067067" level="INFO">Element 'css:body &gt; main' is displayed.</msg>
<arg>${homepage}</arg>
<doc>Verifies that the element identified by ``locator`` is visible.</doc>
<status status="PASS" start="2024-11-25T15:10:40.022390" elapsed="0.044677"/>
</kw>
<status status="PASS" start="2024-11-25T15:10:39.818986" elapsed="0.248081"/>
</test>
<test id="s1-s2-t7" name="Search Donut" line="77">
<kw name="Input Text" owner="SeleniumLibrary">
<msg time="2024-11-25T15:10:40.070353" level="INFO">Typing text 'Donut' into text field 'css:#searchInput'.</msg>
<arg>${search_bar}</arg>
<arg>${search_keyword_2}</arg>
<doc>Types the given ``text`` into the text field identified by ``locator``.</doc>
<status status="PASS" start="2024-11-25T15:10:40.067067" elapsed="0.153839"/>
</kw>
<kw name="Wait Until Element Is Visible" owner="SeleniumLibrary">
<arg>${search_result_container}</arg>
<doc>Waits until the element ``locator`` is visible.</doc>
<status status="PASS" start="2024-11-25T15:10:40.221900" elapsed="0.697184"/>
</kw>
<kw name="Get WebElements" owner="SeleniumLibrary">
<msg time="2024-11-25T15:10:40.938078" level="INFO">${menus} = [&lt;selenium.webdriver.remote.webelement.WebElement (session="e6fac6638a05fad92bf4721a11b2964a", element="f.28F27208747987A7F2D21E4230FED8B4.d.DDAFF596677454A0FE518E69024A5BE1.e.65")&gt;]</msg>
<var>${menus}</var>
<arg>${search_result_container} &gt;&gt; ${menus}</arg>
<doc>Returns a list of WebElement objects matching the ``locator``.</doc>
<status status="PASS" start="2024-11-25T15:10:40.919084" elapsed="0.020301"/>
</kw>
<for flavor="IN">
<iter>
<kw name="Get Text" owner="SeleniumLibrary">
<msg time="2024-11-25T15:10:40.950095" level="INFO">${menu_title} = Donut</msg>
<var>${menu_title}</var>
<arg>${item}</arg>
<doc>Returns the text value of the element identified by ``locator``.</doc>
<status status="PASS" start="2024-11-25T15:10:40.939385" elapsed="0.010710"/>
</kw>
<kw name="Should Contain" owner="BuiltIn">
<arg>${menu_title.lower()}</arg>
<arg>${search_keyword_2.lower()}</arg>
<doc>Fails if ``container`` does not contain ``item`` one or more times.</doc>
<status status="PASS" start="2024-11-25T15:10:40.950095" elapsed="0.001031"/>
</kw>
<var name="${item}">&lt;selenium.webdriver.remote.webelement.WebElement (session="e6fac6638a05fad92bf4721a11b2964a", element="f.28F27208747987A7F2D21E4230FED8B4.d.DDAFF596677454A0FE518E69024A5BE1.e.65")&gt;</var>
<status status="PASS" start="2024-11-25T15:10:40.939385" elapsed="0.011741"/>
</iter>
<var>${item}</var>
<value>@{menus}</value>
<status status="PASS" start="2024-11-25T15:10:40.939385" elapsed="0.011741"/>
</for>
<status status="PASS" start="2024-11-25T15:10:40.067067" elapsed="0.885065"/>
</test>
<test id="s1-s2-t8" name="Select Donut" line="86">
<kw name="Get WebElements" owner="SeleniumLibrary">
<msg time="2024-11-25T15:10:40.973122" level="INFO">${menus} = [&lt;selenium.webdriver.remote.webelement.WebElement (session="e6fac6638a05fad92bf4721a11b2964a", element="f.28F27208747987A7F2D21E4230FED8B4.d.DDAFF596677454A0FE518E69024A5BE1.e.65")&gt;]</msg>
<var>${menus}</var>
<arg>${search_result_container} &gt;&gt; ${menus}</arg>
<doc>Returns a list of WebElement objects matching the ``locator``.</doc>
<status status="PASS" start="2024-11-25T15:10:40.953131" elapsed="0.019991"/>
</kw>
<for flavor="IN">
<iter>
<kw name="Get Text" owner="SeleniumLibrary">
<msg time="2024-11-25T15:10:40.984751" level="INFO">${menu_title} = Donut</msg>
<var>${menu_title}</var>
<arg>${item}</arg>
<doc>Returns the text value of the element identified by ``locator``.</doc>
<status status="PASS" start="2024-11-25T15:10:40.974120" elapsed="0.010631"/>
</kw>
<kw name="Evaluate" owner="BuiltIn">
<msg time="2024-11-25T15:10:40.985771" level="INFO">${is_match} = True</msg>
<var>${is_match}</var>
<arg>'${search_keyword_2.lower()}' in '${menu_title.lower()}'</arg>
<doc>Evaluates the given expression in Python and returns the result.</doc>
<status status="PASS" start="2024-11-25T15:10:40.984751" elapsed="0.001020"/>
</kw>
<kw name="Run Keyword If" owner="BuiltIn">
<kw name="Add Item To Cart">
<kw name="Get WebElement" owner="SeleniumLibrary">
<msg time="2024-11-25T15:10:40.996626" level="INFO">${add_button} = &lt;selenium.webdriver.remote.webelement.WebElement (session="e6fac6638a05fad92bf4721a11b2964a", element="f.28F27208747987A7F2D21E4230FED8B4.d.DDAFF596677454A0FE518E69024A5BE1.e.66")&gt;</msg>
<var>${add_button}</var>
<arg>css:#Card &gt; a &gt; div.Card_cardAddToCart__ji65r</arg>
<doc>Returns the first WebElement matching the given ``locator``.</doc>
<status status="PASS" start="2024-11-25T15:10:40.986891" elapsed="0.009735"/>
</kw>
<kw name="Click Element" owner="SeleniumLibrary">
<msg time="2024-11-25T15:10:40.997636" level="INFO">Clicking element '&lt;selenium.webdriver.remote.webelement.WebElement (session="e6fac6638a05fad92bf4721a11b2964a", element="f.28F27208747987A7F2D21E4230FED8B4.d.DDAFF596677454A0FE518E69024A5BE1.e.66")&gt;'.</msg>
<arg>${add_button}</arg>
<doc>Click the element identified by ``locator``.</doc>
<status status="PASS" start="2024-11-25T15:10:40.997636" elapsed="0.080788"/>
</kw>
<arg>${item}</arg>
<status status="PASS" start="2024-11-25T15:10:40.986891" elapsed="0.091533"/>
</kw>
<arg>${is_match}</arg>
<arg>Add Item To Cart</arg>
<arg>${item}</arg>
<doc>Runs the given keyword with the given arguments, if ``condition`` is true.</doc>
<status status="PASS" start="2024-11-25T15:10:40.985771" elapsed="0.092653"/>
</kw>
<kw name="Exit For Loop If" owner="BuiltIn">
<msg time="2024-11-25T15:10:41.078424" level="INFO">Exiting for loop altogether.</msg>
<arg>${is_match}</arg>
<doc>Stops executing the enclosing FOR loop if the ``condition`` is true.</doc>
<status status="PASS" start="2024-11-25T15:10:41.078424" elapsed="0.000000"/>
</kw>
<var name="${item}">&lt;selenium.webdriver.remote.webelement.WebElement (session="e6fac6638a05fad92bf4721a11b2964a", element="f.28F27208747987A7F2D21E4230FED8B4.d.DDAFF596677454A0FE518E69024A5BE1.e.65")&gt;</var>
<status status="PASS" start="2024-11-25T15:10:40.974120" elapsed="0.104304"/>
</iter>
<var>${item}</var>
<value>@{menus}</value>
<status status="PASS" start="2024-11-25T15:10:40.973122" elapsed="0.105302"/>
</for>
<kw name="Wait Until Page Contains Element" owner="SeleniumLibrary">
<arg>${describtion_container}</arg>
<doc>Waits until the element ``locator`` appears on the current page.</doc>
<status status="PASS" start="2024-11-25T15:10:41.079939" elapsed="0.220841"/>
</kw>
<kw name="Get Text" owner="SeleniumLibrary">
<msg time="2024-11-25T15:10:41.317707" level="INFO">${menu_title} = Donut</msg>
<var>${menu_title}</var>
<arg>css:#description-page &gt; div &gt; h1</arg>
<doc>Returns the text value of the element identified by ``locator``.</doc>
<status status="PASS" start="2024-11-25T15:10:41.300780" elapsed="0.016927"/>
</kw>
<kw name="Should Contain" owner="BuiltIn">
<arg>${menu_title.lower()}</arg>
<arg>${search_keyword_2.lower()}</arg>
<doc>Fails if ``container`` does not contain ``item`` one or more times.</doc>
<status status="PASS" start="2024-11-25T15:10:41.317707" elapsed="0.001019"/>
</kw>
<status status="PASS" start="2024-11-25T15:10:40.953131" elapsed="0.366589"/>
</test>
<test id="s1-s2-t9" name="Add Donut To Cart" line="100">
<kw name="Get WebElement" owner="SeleniumLibrary">
<msg time="2024-11-25T15:10:41.329983" level="INFO">${addCart_button} = &lt;selenium.webdriver.remote.webelement.WebElement (session="e6fac6638a05fad92bf4721a11b2964a", element="f.28F27208747987A7F2D21E4230FED8B4.d.DDAFF596677454A0FE518E69024A5BE1.e.71")&gt;</msg>
<var>${addCart_button}</var>
<arg>css:#description-page &gt; div &gt; div &gt; button</arg>
<doc>Returns the first WebElement matching the given ``locator``.</doc>
<status status="PASS" start="2024-11-25T15:10:41.320721" elapsed="0.009262"/>
</kw>
<kw name="Click Element" owner="SeleniumLibrary">
<msg time="2024-11-25T15:10:41.331246" level="INFO">Clicking element '&lt;selenium.webdriver.remote.webelement.WebElement (session="e6fac6638a05fad92bf4721a11b2964a", element="f.28F27208747987A7F2D21E4230FED8B4.d.DDAFF596677454A0FE518E69024A5BE1.e.71")&gt;'.</msg>
<arg>${addCart_button}</arg>
<doc>Click the element identified by ``locator``.</doc>
<status status="PASS" start="2024-11-25T15:10:41.329983" elapsed="0.072850"/>
</kw>
<kw name="Get WebElement" owner="SeleniumLibrary">
<msg time="2024-11-25T15:10:41.415766" level="INFO">${successful_container} = &lt;selenium.webdriver.remote.webelement.WebElement (session="e6fac6638a05fad92bf4721a11b2964a", element="f.28F27208747987A7F2D21E4230FED8B4.d.DDAFF596677454A0FE518E69024A5BE1.e.72")&gt;</msg>
<var>${successful_container}</var>
<arg>css:body &gt; main &gt; div.description_modal-overlay__pwguD &gt; div</arg>
<doc>Returns the first WebElement matching the given ``locator``.</doc>
<status status="PASS" start="2024-11-25T15:10:41.402833" elapsed="0.012933"/>
</kw>
<kw name="Wait Until Element Is Visible" owner="SeleniumLibrary">
<arg>${successful_container}</arg>
<doc>Waits until the element ``locator`` is visible.</doc>
<status status="PASS" start="2024-11-25T15:10:41.416774" elapsed="0.008005"/>
</kw>
<kw name="Get Text" owner="SeleniumLibrary">
<msg time="2024-11-25T15:10:41.443410" level="INFO">${successful_text} = Item added to cart successfully!</msg>
<var>${successful_text}</var>
<arg>css:body &gt; main &gt; div.description_modal-overlay__pwguD &gt; div &gt; p</arg>
<doc>Returns the text value of the element identified by ``locator``.</doc>
<status status="PASS" start="2024-11-25T15:10:41.425771" elapsed="0.017639"/>
</kw>
<kw name="Should Contain" owner="BuiltIn">
<arg>${successful_text}</arg>
<arg>Item added to cart successfully!</arg>
<doc>Fails if ``container`` does not contain ``item`` one or more times.</doc>
<status status="PASS" start="2024-11-25T15:10:41.444426" elapsed="0.000000"/>
</kw>
<status status="PASS" start="2024-11-25T15:10:41.319720" elapsed="0.124706"/>
</test>
<test id="s1-s2-t10" name="Navigate Back To Homepage After Add Donut" line="108">
<kw name="Get WebElement" owner="SeleniumLibrary">
<msg time="2024-11-25T15:10:41.456840" level="INFO">${close_button} = &lt;selenium.webdriver.remote.webelement.WebElement (session="e6fac6638a05fad92bf4721a11b2964a", element="f.28F27208747987A7F2D21E4230FED8B4.d.DDAFF596677454A0FE518E69024A5BE1.e.74")&gt;</msg>
<var>${close_button}</var>
<arg>css:body &gt; main &gt; div.description_modal-overlay__pwguD &gt; div &gt; button</arg>
<doc>Returns the first WebElement matching the given ``locator``.</doc>
<status status="PASS" start="2024-11-25T15:10:41.446735" elapsed="0.010105"/>
</kw>
<kw name="Click Element" owner="SeleniumLibrary">
<msg time="2024-11-25T15:10:41.457879" level="INFO">Clicking element '&lt;selenium.webdriver.remote.webelement.WebElement (session="e6fac6638a05fad92bf4721a11b2964a", element="f.28F27208747987A7F2D21E4230FED8B4.d.DDAFF596677454A0FE518E69024A5BE1.e.74")&gt;'.</msg>
<arg>${close_button}</arg>
<doc>Click the element identified by ``locator``.</doc>
<status status="PASS" start="2024-11-25T15:10:41.456840" elapsed="0.077674"/>
</kw>
<kw name="Wait Until Page Contains Element" owner="SeleniumLibrary">
<arg>${homepage}</arg>
<doc>Waits until the element ``locator`` appears on the current page.</doc>
<status status="PASS" start="2024-11-25T15:10:41.534514" elapsed="0.062900"/>
</kw>
<kw name="Element Should Be Visible" owner="SeleniumLibrary">
<msg time="2024-11-25T15:10:41.633247" level="INFO">Element 'css:body &gt; main' is displayed.</msg>
<arg>${homepage}</arg>
<doc>Verifies that the element identified by ``locator`` is visible.</doc>
<status status="PASS" start="2024-11-25T15:10:41.597414" elapsed="0.035833"/>
</kw>
<status status="PASS" start="2024-11-25T15:10:41.445666" elapsed="0.189098"/>
</test>
<test id="s1-s2-t11" name="Donut And Orange Matcha Added In Cart" line="114">
<kw name="Get WebElement" owner="SeleniumLibrary">
<msg time="2024-11-25T15:10:41.654760" level="INFO">${cart_button} = &lt;selenium.webdriver.remote.webelement.WebElement (session="e6fac6638a05fad92bf4721a11b2964a", element="f.28F27208747987A7F2D21E4230FED8B4.d.DDAFF596677454A0FE518E69024A5BE1.e.88")&gt;</msg>
<var>${cart_button}</var>
<arg>css:body &gt; main &gt; main &gt; header &gt; ul &gt; li:nth-child(1)</arg>
<doc>Returns the first WebElement matching the given ``locator``.</doc>
<status status="PASS" start="2024-11-25T15:10:41.636277" elapsed="0.018483"/>
</kw>
<kw name="Click Element" owner="SeleniumLibrary">
<msg time="2024-11-25T15:10:41.654760" level="INFO">Clicking element '&lt;selenium.webdriver.remote.webelement.WebElement (session="e6fac6638a05fad92bf4721a11b2964a", element="f.28F27208747987A7F2D21E4230FED8B4.d.DDAFF596677454A0FE518E69024A5BE1.e.88")&gt;'.</msg>
<arg>${cart_button}</arg>
<doc>Click the element identified by ``locator``.</doc>
<status status="PASS" start="2024-11-25T15:10:41.654760" elapsed="0.078371"/>
</kw>
<kw name="Wait Until Page Contains Element" owner="SeleniumLibrary">
<arg>css:body &gt; main &gt; div.cartPage_miscContainer__RltQF</arg>
<doc>Waits until the element ``locator`` appears on the current page.</doc>
<status status="PASS" start="2024-11-25T15:10:41.733131" elapsed="0.437371"/>
</kw>
<kw name="Get Text" owner="SeleniumLibrary">
<msg time="2024-11-25T15:10:42.194524" level="INFO">${item_title_1} = Orange Matcha</msg>
<var>${item_title_1}</var>
<arg>css:body &gt; main &gt; div.cartPage_itemContainer__Tuk8W &gt; div:nth-child(1) &gt; div.CartItem_itemInfo__Z5gbv &gt; h3</arg>
<doc>Returns the text value of the element identified by ``locator``.</doc>
<status status="PASS" start="2024-11-25T15:10:42.170502" elapsed="0.024022"/>
</kw>
<kw name="Get Text" owner="SeleniumLibrary">
<msg time="2024-11-25T15:10:42.217404" level="INFO">${item_detail_1} = Cold, 75%</msg>
<var>${item_detail_1}</var>
<arg>css:body &gt; main &gt; div.cartPage_itemContainer__Tuk8W &gt; div:nth-child(1) &gt; div.CartItem_itemInfo__Z5gbv &gt; p</arg>
<doc>Returns the text value of the element identified by ``locator``.</doc>
<status status="PASS" start="2024-11-25T15:10:42.194524" elapsed="0.022880"/>
</kw>
<kw name="Should Contain" owner="BuiltIn">
<arg>${item_title_1}</arg>
<arg>Orange Matcha</arg>
<doc>Fails if ``container`` does not contain ``item`` one or more times.</doc>
<status status="PASS" start="2024-11-25T15:10:42.217404" elapsed="0.000000"/>
</kw>
<kw name="Should Contain" owner="BuiltIn">
<arg>${item_detail_1}</arg>
<arg>Cold, 75%</arg>
<doc>Fails if ``container`` does not contain ``item`` one or more times.</doc>
<status status="PASS" start="2024-11-25T15:10:42.217404" elapsed="0.000000"/>
</kw>
<kw name="Get Text" owner="SeleniumLibrary">
<msg time="2024-11-25T15:10:42.241910" level="INFO">${item_title_2} = Donut</msg>
<var>${item_title_2}</var>
<arg>css:body &gt; main &gt; div.cartPage_itemContainer__Tuk8W &gt; div:nth-child(2) &gt; div.CartItem_itemInfo__Z5gbv &gt; h3</arg>
<doc>Returns the text value of the element identified by ``locator``.</doc>
<status status="PASS" start="2024-11-25T15:10:42.217404" elapsed="0.024506"/>
</kw>
<kw name="Should Contain" owner="BuiltIn">
<arg>${item_title_2}</arg>
<arg>Donut</arg>
<doc>Fails if ``container`` does not contain ``item`` one or more times.</doc>
<status status="PASS" start="2024-11-25T15:10:42.242886" elapsed="0.000000"/>
</kw>
<status status="PASS" start="2024-11-25T15:10:41.634764" elapsed="0.608122"/>
</test>
<kw name="Close Browser" owner="SeleniumLibrary" type="TEARDOWN">
<doc>Closes the current browser.</doc>
<status status="PASS" start="2024-11-25T15:10:42.244883" elapsed="2.344869"/>
</kw>
<status status="PASS" start="2024-11-25T15:10:34.318832" elapsed="10.270920"/>
</suite>
<suite id="s1-s3" name="TestAddCart 3" source="C:\Software Quality\Testcase\ITCS473-Project-Phase2-ChickyShiningSparklingStar_CuteCute\project phase 2\automated test cases\TestAddCart_3.robot">
<test id="s1-s3-t1" name="Test opening browser" line="20">
<kw name="Open Browser" owner="SeleniumLibrary">
<msg time="2024-11-25T15:10:44.597789" level="INFO">Opening browser 'Chrome' to base url 'http://localhost:3000/'.</msg>
<arg>${bash_url}</arg>
<arg>${browser}</arg>
<doc>Opens a new browser instance to the optional ``url``.</doc>
<status status="PASS" start="2024-11-25T15:10:44.596768" elapsed="3.680761"/>
</kw>
<status status="PASS" start="2024-11-25T15:10:44.595446" elapsed="3.683505"/>
</test>
<test id="s1-s3-t2" name="Search Cream Cheese Danish" line="23">
<kw name="Input Text" owner="SeleniumLibrary">
<msg time="2024-11-25T15:10:48.281363" level="INFO">Typing text 'Cream Cheese Danish' into text field 'css:#searchInput'.</msg>
<arg>${search_bar}</arg>
<arg>${search_keyword}</arg>
<doc>Types the given ``text`` into the text field identified by ``locator``.</doc>
<status status="PASS" start="2024-11-25T15:10:48.279964" elapsed="0.360595"/>
</kw>
<kw name="Wait Until Element Is Visible" owner="SeleniumLibrary">
<arg>${search_result_container}</arg>
<doc>Waits until the element ``locator`` is visible.</doc>
<status status="PASS" start="2024-11-25T15:10:48.640559" elapsed="0.679314"/>
</kw>
<kw name="Get WebElements" owner="SeleniumLibrary">
<msg time="2024-11-25T15:10:49.342446" level="INFO">${menus} = [&lt;selenium.webdriver.remote.webelement.WebElement (session="eb60925ed94a1959e4cd32bf4f73f282", element="f.67F31A29F3870446E492B810BD565920.d.5A00FECAF8534F10EAAD90119F87C64D.e.20")&gt;]</msg>
<var>${menus}</var>
<arg>${search_result_container} &gt;&gt; ${menus}</arg>
<doc>Returns a list of WebElement objects matching the ``locator``.</doc>
<status status="PASS" start="2024-11-25T15:10:49.319873" elapsed="0.022573"/>
</kw>
<for flavor="IN">
<iter>
<kw name="Get Text" owner="SeleniumLibrary">
<msg time="2024-11-25T15:10:49.360688" level="INFO">${menu_title} = Cream Cheese Danish 👍</msg>
<var>${menu_title}</var>
<arg>${item}</arg>
<doc>Returns the text value of the element identified by ``locator``.</doc>
<status status="PASS" start="2024-11-25T15:10:49.343453" elapsed="0.017235"/>
</kw>
<kw name="Should Contain" owner="BuiltIn">
<arg>${menu_title.lower()}</arg>
<arg>${search_keyword.lower()}</arg>
<doc>Fails if ``container`` does not contain ``item`` one or more times.</doc>
<status status="PASS" start="2024-11-25T15:10:49.360688" elapsed="0.001998"/>
</kw>
<var name="${item}">&lt;selenium.webdriver.remote.webelement.WebElement (session="eb60925ed94a1959e4cd32bf4f73f282", element="f.67F31A29F3870446E492B810BD565920.d.5A00FECAF8534F10EAAD90119F87C64D.e.20")&gt;</var>
<status status="PASS" start="2024-11-25T15:10:49.343453" elapsed="0.019233"/>
</iter>
<var>${item}</var>
<value>@{menus}</value>
<status status="PASS" start="2024-11-25T15:10:49.342446" elapsed="0.020240"/>
</for>
<status status="PASS" start="2024-11-25T15:10:48.279964" elapsed="1.082722"/>
</test>
<test id="s1-s3-t3" name="Select Cream Cheese Danish" line="33">
<kw name="Get WebElements" owner="SeleniumLibrary">
<msg time="2024-11-25T15:10:49.383558" level="INFO">${menus} = [&lt;selenium.webdriver.remote.webelement.WebElement (session="eb60925ed94a1959e4cd32bf4f73f282", element="f.67F31A29F3870446E492B810BD565920.d.5A00FECAF8534F10EAAD90119F87C64D.e.20")&gt;]</msg>
<var>${menus}</var>
<arg>${search_result_container} &gt;&gt; ${menus}</arg>
<doc>Returns a list of WebElement objects matching the ``locator``.</doc>
<status status="PASS" start="2024-11-25T15:10:49.364732" elapsed="0.018826"/>
</kw>
<for flavor="IN">
<iter>
<kw name="Get Text" owner="SeleniumLibrary">
<msg time="2024-11-25T15:10:49.395279" level="INFO">${menu_title} = Cream Cheese Danish 👍</msg>
<var>${menu_title}</var>
<arg>${item}</arg>
<doc>Returns the text value of the element identified by ``locator``.</doc>
<status status="PASS" start="2024-11-25T15:10:49.384581" elapsed="0.010698"/>
</kw>
<kw name="Evaluate" owner="BuiltIn">
<msg time="2024-11-25T15:10:49.397282" level="INFO">${is_match} = True</msg>
<var>${is_match}</var>
<arg>'${search_keyword.lower()}' in '${menu_title.lower()}'</arg>
<doc>Evaluates the given expression in Python and returns the result.</doc>
<status status="PASS" start="2024-11-25T15:10:49.395279" elapsed="0.002003"/>
</kw>
<kw name="Run Keyword If" owner="BuiltIn">
<kw name="Add Item To Cart">
<kw name="Get WebElement" owner="SeleniumLibrary">
<msg time="2024-11-25T15:10:49.412754" level="INFO">${add_button} = &lt;selenium.webdriver.remote.webelement.WebElement (session="eb60925ed94a1959e4cd32bf4f73f282", element="f.67F31A29F3870446E492B810BD565920.d.5A00FECAF8534F10EAAD90119F87C64D.e.21")&gt;</msg>
<var>${add_button}</var>
<arg>css:#Card &gt; a &gt; div.Card_cardAddToCart__ji65r</arg>
<doc>Returns the first WebElement matching the given ``locator``.</doc>
<status status="PASS" start="2024-11-25T15:10:49.398281" elapsed="0.014473"/>
</kw>
<kw name="Click Element" owner="SeleniumLibrary">
<msg time="2024-11-25T15:10:49.414243" level="INFO">Clicking element '&lt;selenium.webdriver.remote.webelement.WebElement (session="eb60925ed94a1959e4cd32bf4f73f282", element="f.67F31A29F3870446E492B810BD565920.d.5A00FECAF8534F10EAAD90119F87C64D.e.21")&gt;'.</msg>
<arg>${add_button}</arg>
<doc>Click the element identified by ``locator``.</doc>
<status status="PASS" start="2024-11-25T15:10:49.412754" elapsed="0.086352"/>
</kw>
<arg>${item}</arg>
<status status="PASS" start="2024-11-25T15:10:49.397282" elapsed="0.102835"/>
</kw>
<arg>${is_match}</arg>
<arg>Add Item To Cart</arg>
<arg>${item}</arg>
<doc>Runs the given keyword with the given arguments, if ``condition`` is true.</doc>
<status status="PASS" start="2024-11-25T15:10:49.397282" elapsed="0.102835"/>
</kw>
<kw name="Exit For Loop If" owner="BuiltIn">
<msg time="2024-11-25T15:10:49.500117" level="INFO">Exiting for loop altogether.</msg>
<arg>${is_match}</arg>
<doc>Stops executing the enclosing FOR loop if the ``condition`` is true.</doc>
<status status="PASS" start="2024-11-25T15:10:49.500117" elapsed="0.000000"/>
</kw>
<var name="${item}">&lt;selenium.webdriver.remote.webelement.WebElement (session="eb60925ed94a1959e4cd32bf4f73f282", element="f.67F31A29F3870446E492B810BD565920.d.5A00FECAF8534F10EAAD90119F87C64D.e.20")&gt;</var>
<status status="PASS" start="2024-11-25T15:10:49.384581" elapsed="0.115536"/>
</iter>
<var>${item}</var>
<value>@{menus}</value>
<status status="PASS" start="2024-11-25T15:10:49.384581" elapsed="0.116561"/>
</for>
<kw name="Wait Until Page Contains Element" owner="SeleniumLibrary">
<arg>${describtion_container}</arg>
<doc>Waits until the element ``locator`` appears on the current page.</doc>
<status status="PASS" start="2024-11-25T15:10:49.501142" elapsed="0.227319"/>
</kw>
<kw name="Get Text" owner="SeleniumLibrary">
<msg time="2024-11-25T15:10:49.756253" level="INFO">${menu_title} = Cream Cheese Danish</msg>
<var>${menu_title}</var>
<arg>css:#description-page &gt; div &gt; h1</arg>
<doc>Returns the text value of the element identified by ``locator``.</doc>
<status status="PASS" start="2024-11-25T15:10:49.729495" elapsed="0.026758"/>
</kw>
<kw name="Should Contain" owner="BuiltIn">
<arg>${menu_title.lower()}</arg>
<arg>${search_keyword.lower()}</arg>
<doc>Fails if ``container`` does not contain ``item`` one or more times.</doc>
<status status="PASS" start="2024-11-25T15:10:49.757252" elapsed="0.002001"/>
</kw>
<status status="PASS" start="2024-11-25T15:10:49.363682" elapsed="0.395571"/>
</test>
<test id="s1-s3-t4" name="Add Cream Cheese Danish To Cart" line="47">
<kw name="Get WebElement" owner="SeleniumLibrary">
<msg time="2024-11-25T15:10:49.777255" level="INFO">${addCart_button} = &lt;selenium.webdriver.remote.webelement.WebElement (session="eb60925ed94a1959e4cd32bf4f73f282", element="f.67F31A29F3870446E492B810BD565920.d.5A00FECAF8534F10EAAD90119F87C64D.e.26")&gt;</msg>
<var>${addCart_button}</var>
<arg>css:#description-page &gt; div &gt; div &gt; button</arg>
<doc>Returns the first WebElement matching the given ``locator``.</doc>
<status status="PASS" start="2024-11-25T15:10:49.761262" elapsed="0.016990"/>
</kw>
<kw name="Click Element" owner="SeleniumLibrary">
<msg time="2024-11-25T15:10:49.779259" level="INFO">Clicking element '&lt;selenium.webdriver.remote.webelement.WebElement (session="eb60925ed94a1959e4cd32bf4f73f282", element="f.67F31A29F3870446E492B810BD565920.d.5A00FECAF8534F10EAAD90119F87C64D.e.26")&gt;'.</msg>
<arg>${addCart_button}</arg>
<doc>Click the element identified by ``locator``.</doc>
<status status="PASS" start="2024-11-25T15:10:49.778252" elapsed="0.090069"/>
</kw>
<kw name="Get WebElement" owner="SeleniumLibrary">
<msg time="2024-11-25T15:10:49.885653" level="INFO">${successful_container} = &lt;selenium.webdriver.remote.webelement.WebElement (session="eb60925ed94a1959e4cd32bf4f73f282", element="f.67F31A29F3870446E492B810BD565920.d.5A00FECAF8534F10EAAD90119F87C64D.e.27")&gt;</msg>
<var>${successful_container}</var>
<arg>css:body &gt; main &gt; div.description_modal-overlay__pwguD &gt; div</arg>
<doc>Returns the first WebElement matching the given ``locator``.</doc>
<status status="PASS" start="2024-11-25T15:10:49.868321" elapsed="0.017332"/>
</kw>
<kw name="Wait Until Element Is Visible" owner="SeleniumLibrary">
<arg>${successful_container}</arg>
<doc>Waits until the element ``locator`` is visible.</doc>
<status status="PASS" start="2024-11-25T15:10:49.886666" elapsed="0.011177"/>
</kw>
<kw name="Get Text" owner="SeleniumLibrary">
<msg time="2024-11-25T15:10:49.925242" level="INFO">${successful_text} = Item added to cart successfully!</msg>
<var>${successful_text}</var>
<arg>css:body &gt; main &gt; div.description_modal-overlay__pwguD &gt; div &gt; p</arg>
<doc>Returns the text value of the element identified by ``locator``.</doc>
<status status="PASS" start="2024-11-25T15:10:49.898863" elapsed="0.026379"/>
</kw>
<kw name="Should Contain" owner="BuiltIn">
<arg>${successful_text}</arg>
<arg>Item added to cart successfully!</arg>
<doc>Fails if ``container`` does not contain ``item`` one or more times.</doc>
<status status="PASS" start="2024-11-25T15:10:49.926246" elapsed="0.000000"/>
</kw>
<status status="PASS" start="2024-11-25T15:10:49.760262" elapsed="0.165984"/>
</test>
<test id="s1-s3-t5" name="Navigate Back To Homepage After Add Cream Cheese Danish" line="55">
<kw name="Get WebElement" owner="SeleniumLibrary">
<msg time="2024-11-25T15:10:49.943196" level="INFO">${close_button} = &lt;selenium.webdriver.remote.webelement.WebElement (session="eb60925ed94a1959e4cd32bf4f73f282", element="f.67F31A29F3870446E492B810BD565920.d.5A00FECAF8534F10EAAD90119F87C64D.e.29")&gt;</msg>
<var>${close_button}</var>
<arg>css:body &gt; main &gt; div.description_modal-overlay__pwguD &gt; div &gt; button</arg>
<doc>Returns the first WebElement matching the given ``locator``.</doc>
<status status="PASS" start="2024-11-25T15:10:49.928241" elapsed="0.014955"/>
</kw>
<kw name="Click Element" owner="SeleniumLibrary">
<msg time="2024-11-25T15:10:49.943196" level="INFO">Clicking element '&lt;selenium.webdriver.remote.webelement.WebElement (session="eb60925ed94a1959e4cd32bf4f73f282", element="f.67F31A29F3870446E492B810BD565920.d.5A00FECAF8534F10EAAD90119F87C64D.e.29")&gt;'.</msg>
<arg>${close_button}</arg>
<doc>Click the element identified by ``locator``.</doc>
<status status="PASS" start="2024-11-25T15:10:49.943196" elapsed="0.088862"/>
</kw>
<kw name="Wait Until Page Contains Element" owner="SeleniumLibrary">
<arg>${homepage}</arg>
<doc>Waits until the element ``locator`` appears on the current page.</doc>
<status status="PASS" start="2024-11-25T15:10:50.033358" elapsed="0.041214"/>
</kw>
<kw name="Element Should Be Visible" owner="SeleniumLibrary">
<msg time="2024-11-25T15:10:50.210496" level="INFO">Element 'css:body &gt; main' is displayed.</msg>
<arg>${homepage}</arg>
<doc>Verifies that the element identified by ``locator`` is visible.</doc>
<status status="PASS" start="2024-11-25T15:10:50.075842" elapsed="0.135908"/>
</kw>
<status status="PASS" start="2024-11-25T15:10:49.928241" elapsed="0.283509"/>
</test>
<test id="s1-s3-t6" name="Cream Cheese Danish Added In Cart" line="61">
<kw name="Get WebElement" owner="SeleniumLibrary">
<msg time="2024-11-25T15:10:50.242481" level="INFO">${cart_button} = &lt;selenium.webdriver.remote.webelement.WebElement (session="eb60925ed94a1959e4cd32bf4f73f282", element="f.67F31A29F3870446E492B810BD565920.d.5A00FECAF8534F10EAAD90119F87C64D.e.57")&gt;</msg>
<var>${cart_button}</var>
<arg>css:body &gt; main &gt; main &gt; header &gt; ul &gt; li:nth-child(1)</arg>
<doc>Returns the first WebElement matching the given ``locator``.</doc>
<status status="PASS" start="2024-11-25T15:10:50.214084" elapsed="0.028397"/>
</kw>
<kw name="Click Element" owner="SeleniumLibrary">
<msg time="2024-11-25T15:10:50.243498" level="INFO">Clicking element '&lt;selenium.webdriver.remote.webelement.WebElement (session="eb60925ed94a1959e4cd32bf4f73f282", element="f.67F31A29F3870446E492B810BD565920.d.5A00FECAF8534F10EAAD90119F87C64D.e.57")&gt;'.</msg>
<arg>${cart_button}</arg>
<doc>Click the element identified by ``locator``.</doc>
<status status="PASS" start="2024-11-25T15:10:50.243498" elapsed="0.080187"/>
</kw>
<kw name="Wait Until Page Contains Element" owner="SeleniumLibrary">
<arg>css:body &gt; main &gt; div.cartPage_miscContainer__RltQF</arg>
<doc>Waits until the element ``locator`` appears on the current page.</doc>
<status status="PASS" start="2024-11-25T15:10:50.324679" elapsed="0.434044"/>
</kw>
<kw name="Get Text" owner="SeleniumLibrary">
<msg time="2024-11-25T15:10:50.782458" level="INFO">${item_title} = Cream Cheese Danish</msg>
<var>${item_title}</var>
<arg>css:body &gt; main &gt; div.cartPage_itemContainer__Tuk8W &gt; div &gt; div.CartItem_itemInfo__Z5gbv &gt; h3</arg>
<doc>Returns the text value of the element identified by ``locator``.</doc>
<status status="PASS" start="2024-11-25T15:10:50.758723" elapsed="0.023735"/>
</kw>
<kw name="Should Contain" owner="BuiltIn">
<arg>${item_title}</arg>
<arg>Cream Cheese Danish</arg>
<doc>Fails if ``container`` does not contain ``item`` one or more times.</doc>
<status status="PASS" start="2024-11-25T15:10:50.782458" elapsed="0.000000"/>
</kw>
<status status="PASS" start="2024-11-25T15:10:50.212769" elapsed="0.570703"/>
</test>
<kw name="Close Browser" owner="SeleniumLibrary" type="TEARDOWN">
<doc>Closes the current browser.</doc>
<status status="PASS" start="2024-11-25T15:10:50.784502" elapsed="2.283404"/>
</kw>
<status status="PASS" start="2024-11-25T15:10:44.590752" elapsed="8.477154"/>
</suite>
<suite id="s1-s4" name="TestFilterBakery" source="C:\Software Quality\Testcase\ITCS473-Project-Phase2-ChickyShiningSparklingStar_CuteCute\project phase 2\automated test cases\TestFilterBakery.robot">
<test id="s1-s4-t1" name="Bakery Test" line="19">
<kw name="Create List" owner="BuiltIn">
<msg time="2024-11-25T15:10:53.084782" level="INFO">${BAKERY_EXPECTED_TITLES} = ['Plain Croissant', 'Chocolate Croissant 👍', 'Nutella Croissant 👍', 'Cream Cheese Danish 👍', 'Danish Custard', 'Ham Cheese Croissant', 'Croffle', 'Madeleine', 'Original Cookies', 'Lava Chocolate Cooki...</msg>
<var>${BAKERY_EXPECTED_TITLES}</var>
<arg>Plain Croissant</arg>
<arg>Chocolate Croissant 👍</arg>
<arg>Nutella Croissant 👍</arg>
<arg>Cream Cheese Danish 👍</arg>
<arg>Danish Custard</arg>
<arg>Ham Cheese Croissant</arg>
<arg>Croffle</arg>
<arg>Madeleine</arg>
<arg>Original Cookies</arg>
<arg>Lava Chocolate Cookies 👍</arg>
<doc>Returns a list containing given items.</doc>
<status status="PASS" start="2024-11-25T15:10:53.084782" elapsed="0.000000"/>
</kw>
<kw name="Open Browser" owner="SeleniumLibrary">
<msg time="2024-11-25T15:10:53.085786" level="INFO">Opening browser 'Chrome' to base url 'http://localhost:3000/'.</msg>
<arg>${URL}</arg>
<arg>${BROWSER}</arg>
<doc>Opens a new browser instance to the optional ``url``.</doc>
<status status="PASS" start="2024-11-25T15:10:53.085786" elapsed="3.882863"/>
</kw>
<kw name="Set Window Size" owner="SeleniumLibrary">
<arg>945</arg>
<arg>1012</arg>
<doc>Sets current windows size to given ``width`` and ``height``.</doc>
<status status="PASS" start="2024-11-25T15:10:56.968649" elapsed="0.012219"/>
</kw>
<kw name="Sleep" owner="BuiltIn">
<msg time="2024-11-25T15:10:57.982140" level="INFO">Slept 1 second.</msg>
<arg>1s</arg>
<doc>Pauses the test executed for the given time.</doc>
<status status="PASS" start="2024-11-25T15:10:56.981869" elapsed="1.000271"/>
</kw>
<kw name="Log" owner="BuiltIn">
<msg time="2024-11-25T15:10:57.982140" level="INFO">Start test</msg>
<arg>Start test</arg>
<doc>Logs the given message with the given level.</doc>
<status status="PASS" start="2024-11-25T15:10:57.982140" elapsed="0.000000"/>
</kw>
<kw name="Should Not Be Empty" owner="BuiltIn">
<msg time="2024-11-25T15:10:57.983149" level="INFO">Length is 37.</msg>
<arg>${MAIN_MANU}</arg>
<doc>Verifies that the given item is not empty.</doc>
<status status="PASS" start="2024-11-25T15:10:57.983149" elapsed="0.000000"/>
</kw>
<kw name="Click Element" owner="SeleniumLibrary">
<msg time="2024-11-25T15:10:57.983149" level="INFO">Clicking element 'css=.FilterBar_filterButton__njB42:nth-child(5)'.</msg>
<arg>${FILTER_BUTTON_BAKERY}</arg>
<doc>Click the element identified by ``locator``.</doc>
<status status="PASS" start="2024-11-25T15:10:57.983149" elapsed="0.214077"/>
</kw>
<kw name="Wait Until Page Contains Element" owner="SeleniumLibrary">
<arg>${CONTAINER_LOCATOR}</arg>
<doc>Waits until the element ``locator`` appears on the current page.</doc>
<status status="PASS" start="2024-11-25T15:10:58.198245" elapsed="0.020131"/>
</kw>
<kw name="Get WebElements" owner="SeleniumLibrary">
<msg time="2024-11-25T15:10:58.235822" level="INFO">${main_elements} = [&lt;selenium.webdriver.remote.webelement.WebElement (session="61bdb3e479353b1fb5dc9c19258de85e", element="f.116FDA4A39881030166A93B300653414.d.30B60ED9F4ECD3AFDCD871956AB95F92.e.21")&gt;, &lt;selenium.webdriv...</msg>
<var>${main_elements}</var>
<arg>xpath=//div[contains(@class, 'homepage_cardContainer__wrHEN')]//main//*[@id="CardTitle"]</arg>
<doc>Returns a list of WebElement objects matching the ``locator``.</doc>
<status status="PASS" start="2024-11-25T15:10:58.218933" elapsed="0.016889"/>
</kw>
<kw name="Get Length" owner="BuiltIn">
<msg time="2024-11-25T15:10:58.236888" level="INFO">Length is 10.</msg>
<msg time="2024-11-25T15:10:58.236888" level="INFO">${count} = 10</msg>
<var>${count}</var>
<arg>${main_elements}</arg>
<doc>Returns and logs the length of the given item as an integer.</doc>
<status status="PASS" start="2024-11-25T15:10:58.236330" elapsed="0.000558"/>
</kw>
<kw name="Log" owner="BuiltIn">
<msg time="2024-11-25T15:10:58.237445" level="INFO">Total number of titles: 10</msg>
<arg>Total number of titles: ${count}</arg>
<doc>Logs the given message with the given level.</doc>
<status status="PASS" start="2024-11-25T15:10:58.237445" elapsed="0.000000"/>
</kw>
<kw name="Should Be Equal As Numbers" owner="BuiltIn">
<msg time="2024-11-25T15:10:58.237990" level="INFO">Argument types are:
&lt;class 'int'&gt;
&lt;class 'str'&gt;</msg>
<arg>${count}</arg>
<arg>10</arg>
<doc>Fails if objects are unequal after converting them to real numbers.</doc>
<status status="PASS" start="2024-11-25T15:10:58.237990" elapsed="0.000543"/>
</kw>
<for flavor="IN RANGE">
<iter>
<kw name="Get Text" owner="SeleniumLibrary">
<msg time="2024-11-25T15:10:58.254871" level="INFO">${title_text} = Plain Croissant</msg>
<var>${title_text}</var>
<arg>${main_elements}[${i}]</arg>
<doc>Returns the text value of the element identified by ``locator``.</doc>
<status status="PASS" start="2024-11-25T15:10:58.239093" elapsed="0.015778"/>
</kw>
<kw name="Log" owner="BuiltIn">
<msg time="2024-11-25T15:10:58.255442" level="INFO">Checking title_text: Plain Croissant</msg>
<arg>Checking title_text: ${title_text}</arg>
<doc>Logs the given message with the given level.</doc>
<status status="PASS" start="2024-11-25T15:10:58.255442" elapsed="0.000000"/>
</kw>
<kw name="Should Be Equal As Strings" owner="BuiltIn">
<arg>${title_text}</arg>
<arg>${BAKERY_EXPECTED_TITLES}[${i}]</arg>
<doc>Fails if objects are unequal after converting them to strings.</doc>
<status status="PASS" start="2024-11-25T15:10:58.256004" elapsed="0.000515"/>
</kw>
<var name="${i}">0</var>
<status status="PASS" start="2024-11-25T15:10:58.238533" elapsed="0.018153"/>
</iter>
<iter>
<kw name="Get Text" owner="SeleniumLibrary">
<msg time="2024-11-25T15:10:58.269836" level="INFO">${title_text} = Chocolate Croissant 👍</msg>
<var>${title_text}</var>
<arg>${main_elements}[${i}]</arg>
<doc>Returns the text value of the element identified by ``locator``.</doc>
<status status="PASS" start="2024-11-25T15:10:58.257200" elapsed="0.012636"/>
</kw>
<kw name="Log" owner="BuiltIn">
<msg time="2024-11-25T15:10:58.270383" level="INFO">Checking title_text: Chocolate Croissant 👍</msg>
<arg>Checking title_text: ${title_text}</arg>
<doc>Logs the given message with the given level.</doc>
<status status="PASS" start="2024-11-25T15:10:58.270383" elapsed="0.000000"/>
</kw>
<kw name="Should Be Equal As Strings" owner="BuiltIn">
<arg>${title_text}</arg>
<arg>${BAKERY_EXPECTED_TITLES}[${i}]</arg>
<doc>Fails if objects are unequal after converting them to strings.</doc>
<status status="PASS" start="2024-11-25T15:10:58.271020" elapsed="0.000000"/>
</kw>
<var name="${i}">1</var>
<status status="PASS" start="2024-11-25T15:10:58.256686" elapsed="0.014334"/>
</iter>
<iter>
<kw name="Get Text" owner="SeleniumLibrary">
<msg time="2024-11-25T15:10:58.283353" level="INFO">${title_text} = Nutella Croissant 👍</msg>
<var>${title_text}</var>
<arg>${main_elements}[${i}]</arg>
<doc>Returns the text value of the element identified by ``locator``.</doc>
<status status="PASS" start="2024-11-25T15:10:58.271632" elapsed="0.011721"/>
</kw>
<kw name="Log" owner="BuiltIn">
[...]
</iter>
<iter>
<kw name="Get Text" owner="SeleniumLibrary">
<msg time="2024-11-25T15:11:14.024943" level="INFO">${title_text} = Matcha Latte</msg>
<var>${title_text}</var>
<arg>${main_elements}[${i}]</arg>
<doc>Returns the text value of the element identified by ``locator``.</doc>
<status status="PASS" start="2024-11-25T15:11:14.006478" elapsed="0.019467"/>
</kw>
<kw name="Log" owner="BuiltIn">
<msg time="2024-11-25T15:11:14.026461" level="INFO">Checking title_text: Matcha Latte</msg>
<arg>Checking title_text: ${title_text}</arg>
<doc>Logs the given message with the given level.</doc>
<status status="PASS" start="2024-11-25T15:11:14.025945" elapsed="0.000516"/>
</kw>
<kw name="Should Be Equal As Strings" owner="BuiltIn">
<arg>${title_text}</arg>
<arg>${MATCHA_EXPECTED_TITLES}[${i}]</arg>
<doc>Fails if objects are unequal after converting them to strings.</doc>
<status status="PASS" start="2024-11-25T15:11:14.026461" elapsed="0.000000"/>
</kw>
<var name="${i}">1</var>
<status status="PASS" start="2024-11-25T15:11:14.005932" elapsed="0.020529"/>
</iter>
<iter>
<kw name="Get Text" owner="SeleniumLibrary">
<msg time="2024-11-25T15:11:14.043450" level="INFO">${title_text} = Orange Matcha 👍</msg>
<var>${title_text}</var>
<arg>${main_elements}[${i}]</arg>
<doc>Returns the text value of the element identified by ``locator``.</doc>
<status status="PASS" start="2024-11-25T15:11:14.027472" elapsed="0.015978"/>
</kw>
<kw name="Log" owner="BuiltIn">
<msg time="2024-11-25T15:11:14.044238" level="INFO">Checking title_text: Orange Matcha 👍</msg>
<arg>Checking title_text: ${title_text}</arg>
<doc>Logs the given message with the given level.</doc>
<status status="PASS" start="2024-11-25T15:11:14.043450" elapsed="0.000788"/>
</kw>
<kw name="Should Be Equal As Strings" owner="BuiltIn">
<arg>${title_text}</arg>
<arg>${MATCHA_EXPECTED_TITLES}[${i}]</arg>
<doc>Fails if objects are unequal after converting them to strings.</doc>
<status status="PASS" start="2024-11-25T15:11:14.044238" elapsed="0.000584"/>
</kw>
<var name="${i}">2</var>
<status status="PASS" start="2024-11-25T15:11:14.027472" elapsed="0.017350"/>
</iter>
<iter>
<kw name="Get Text" owner="SeleniumLibrary">
<msg time="2024-11-25T15:11:14.059458" level="INFO">${title_text} = Premium Matcha Latte 👍</msg>
<var>${title_text}</var>
<arg>${main_elements}[${i}]</arg>
<doc>Returns the text value of the element identified by ``locator``.</doc>
<status status="PASS" start="2024-11-25T15:11:14.045331" elapsed="0.014127"/>
</kw>
<kw name="Log" owner="BuiltIn">
<msg time="2024-11-25T15:11:14.059974" level="INFO">Checking title_text: Premium Matcha Latte 👍</msg>
<arg>Checking title_text: ${title_text}</arg>
<doc>Logs the given message with the given level.</doc>
<status status="PASS" start="2024-11-25T15:11:14.059458" elapsed="0.000516"/>
</kw>
<kw name="Should Be Equal As Strings" owner="BuiltIn">
<arg>${title_text}</arg>
<arg>${MATCHA_EXPECTED_TITLES}[${i}]</arg>
<doc>Fails if objects are unequal after converting them to strings.</doc>
<status status="PASS" start="2024-11-25T15:11:14.059974" elapsed="0.000000"/>
</kw>
<var name="${i}">3</var>
<status status="PASS" start="2024-11-25T15:11:14.044822" elapsed="0.015668"/>
</iter>
<iter>
<kw name="Get Text" owner="SeleniumLibrary">
<msg time="2024-11-25T15:11:14.076104" level="INFO">${title_text} = Twist Matcha Latte 👍</msg>
<var>${title_text}</var>
<arg>${main_elements}[${i}]</arg>
<doc>Returns the text value of the element identified by ``locator``.</doc>
<status status="PASS" start="2024-11-25T15:11:14.060490" elapsed="0.015614"/>
</kw>
<kw name="Log" owner="BuiltIn">
<msg time="2024-11-25T15:11:14.076861" level="INFO">Checking title_text: Twist Matcha Latte 👍</msg>
<arg>Checking title_text: ${title_text}</arg>
<doc>Logs the given message with the given level.</doc>
<status status="PASS" start="2024-11-25T15:11:14.076861" elapsed="0.000000"/>
</kw>
<kw name="Should Be Equal As Strings" owner="BuiltIn">
<arg>${title_text}</arg>
<arg>${MATCHA_EXPECTED_TITLES}[${i}]</arg>
<doc>Fails if objects are unequal after converting them to strings.</doc>
<status status="PASS" start="2024-11-25T15:11:14.076861" elapsed="0.001115"/>
</kw>
<var name="${i}">4</var>
<status status="PASS" start="2024-11-25T15:11:14.060490" elapsed="0.017486"/>
</iter>
<var>${i}</var>
<value>${count}</value>
<status status="PASS" start="2024-11-25T15:11:13.973959" elapsed="0.104017"/>
</for>
<kw name="Close Browser" owner="SeleniumLibrary">
<doc>Closes the current browser.</doc>
<status status="PASS" start="2024-11-25T15:11:14.077976" elapsed="2.351853"/>
</kw>
<kw name="Log" owner="BuiltIn">
<msg time="2024-11-25T15:11:16.430834" level="INFO">Test completed successfully</msg>
<arg>Test completed successfully</arg>
<doc>Logs the given message with the given level.</doc>
<status status="PASS" start="2024-11-25T15:11:16.430834" elapsed="0.000000"/>
</kw>
<status status="PASS" start="2024-11-25T15:11:08.348015" elapsed="8.082819"/>
</test>
<status status="PASS" start="2024-11-25T15:11:08.341275" elapsed="8.092061"/>
</suite>
<suite id="s1-s7" name="TestSearch 1" source="C:\Software Quality\Testcase\ITCS473-Project-Phase2-ChickyShiningSparklingStar_CuteCute\project phase 2\automated test cases\TestSearch_1.robot">
<test id="s1-s7-t1" name="Test opening browser" line="19">
<kw name="Open Browser" owner="SeleniumLibrary">
<msg time="2024-11-25T15:11:16.441588" level="INFO">Opening browser 'Chrome' to base url 'http://localhost:3000/'.</msg>
<arg>${bash_url}</arg>
<arg>${browser}</arg>
<doc>Opens a new browser instance to the optional ``url``.</doc>
<status status="PASS" start="2024-11-25T15:11:16.441588" elapsed="4.514539"/>
</kw>
<status status="PASS" start="2024-11-25T15:11:16.440405" elapsed="4.516274"/>
</test>
<test id="s1-s7-t2" name="Test search function for with a keyword 'Matcha'" line="23">
<kw name="Input Text" owner="SeleniumLibrary">
<msg time="2024-11-25T15:11:20.959627" level="INFO">Typing text 'Matcha' into text field 'css:#searchInput'.</msg>
<arg>${search_bar}</arg>
<arg>${search_keyword_matcha}</arg>
<doc>Types the given ``text`` into the text field identified by ``locator``.</doc>
<status status="PASS" start="2024-11-25T15:11:20.959062" elapsed="0.383094"/>
</kw>
<kw name="Wait Until Element Is Visible" owner="SeleniumLibrary">
<arg>${search_result_container}</arg>
<doc>Waits until the element ``locator`` is visible.</doc>
<status status="PASS" start="2024-11-25T15:11:21.343193" elapsed="0.709168"/>
</kw>
<kw name="Get WebElements" owner="SeleniumLibrary">
<msg time="2024-11-25T15:11:22.084531" level="INFO">${menus} = [&lt;selenium.webdriver.remote.webelement.WebElement (session="a4a9fa644e30228949fecf7d04df2b03", element="f.645EBC5CE1633710D00977C733E426B7.d.348292FAB5F3C4D5D286478541C5C3E0.e.20")&gt;, &lt;selenium.webdriv...</msg>
<var>${menus}</var>
<arg>${search_result_container} &gt;&gt; ${menus}</arg>
<doc>Returns a list of WebElement objects matching the ``locator``.</doc>
<status status="PASS" start="2024-11-25T15:11:22.053413" elapsed="0.031118"/>
</kw>
<for flavor="IN">
<iter>
<kw name="Get Text" owner="SeleniumLibrary">
<msg time="2024-11-25T15:11:22.109570" level="INFO">${title} = Clear Matcha</msg>
<var>${title}</var>
<arg>${item}</arg>
<doc>Returns the text value of the element identified by ``locator``.</doc>
<status status="PASS" start="2024-11-25T15:11:22.085565" elapsed="0.024005"/>
</kw>
<kw name="Should Contain" owner="BuiltIn">
<arg>${title.lower()}</arg>
<arg>${search_keyword_matcha.lower()}</arg>
<doc>Fails if ``container`` does not contain ``item`` one or more times.</doc>
<status status="PASS" start="2024-11-25T15:11:22.110685" elapsed="0.001033"/>
</kw>
<var name="${item}">&lt;selenium.webdriver.remote.webelement.WebElement (session="a4a9fa644e30228949fecf7d04df2b03", element="f.645EBC5CE1633710D00977C733E426B7.d.348292FAB5F3C4D5D286478541C5C3E0.e.20")&gt;</var>
<status status="PASS" start="2024-11-25T15:11:22.085565" elapsed="0.026153"/>
</iter>
<iter>
<kw name="Get Text" owner="SeleniumLibrary">
<msg time="2024-11-25T15:11:22.128309" level="INFO">${title} = Matcha Latte</msg>
<var>${title}</var>
<arg>${item}</arg>
<doc>Returns the text value of the element identified by ``locator``.</doc>
<status status="PASS" start="2024-11-25T15:11:22.111718" elapsed="0.016591"/>
</kw>
<kw name="Should Contain" owner="BuiltIn">
<arg>${title.lower()}</arg>
<arg>${search_keyword_matcha.lower()}</arg>
<doc>Fails if ``container`` does not contain ``item`` one or more times.</doc>
<status status="PASS" start="2024-11-25T15:11:22.129357" elapsed="0.000996"/>
</kw>
<var name="${item}">&lt;selenium.webdriver.remote.webelement.WebElement (session="a4a9fa644e30228949fecf7d04df2b03", element="f.645EBC5CE1633710D00977C733E426B7.d.348292FAB5F3C4D5D286478541C5C3E0.e.21")&gt;</var>
<status status="PASS" start="2024-11-25T15:11:22.111718" elapsed="0.018635"/>
</iter>
<iter>
<kw name="Get Text" owner="SeleniumLibrary">
<msg time="2024-11-25T15:11:22.148073" level="INFO">${title} = Orange Matcha 👍</msg>
<var>${title}</var>
<arg>${item}</arg>
<doc>Returns the text value of the element identified by ``locator``.</doc>
<status status="PASS" start="2024-11-25T15:11:22.130353" elapsed="0.017720"/>
</kw>
<kw name="Should Contain" owner="BuiltIn">
<arg>${title.lower()}</arg>
<arg>${search_keyword_matcha.lower()}</arg>
<doc>Fails if ``container`` does not contain ``item`` one or more times.</doc>
<status status="PASS" start="2024-11-25T15:11:22.149073" elapsed="0.002186"/>
</kw>
<var name="${item}">&lt;selenium.webdriver.remote.webelement.WebElement (session="a4a9fa644e30228949fecf7d04df2b03", element="f.645EBC5CE1633710D00977C733E426B7.d.348292FAB5F3C4D5D286478541C5C3E0.e.22")&gt;</var>
<status status="PASS" start="2024-11-25T15:11:22.130353" elapsed="0.020906"/>
</iter>
<iter>
<kw name="Get Text" owner="SeleniumLibrary">
<msg time="2024-11-25T15:11:22.168531" level="INFO">${title} = Premium Matcha Latte 👍</msg>
<var>${title}</var>
<arg>${item}</arg>
<doc>Returns the text value of the element identified by ``locator``.</doc>
<status status="PASS" start="2024-11-25T15:11:22.152256" elapsed="0.016275"/>
</kw>
<kw name="Should Contain" owner="BuiltIn">
<arg>${title.lower()}</arg>
<arg>${search_keyword_matcha.lower()}</arg>
<doc>Fails if ``container`` does not contain ``item`` one or more times.</doc>
<status status="PASS" start="2024-11-25T15:11:22.169059" elapsed="0.001041"/>
</kw>
<var name="${item}">&lt;selenium.webdriver.remote.webelement.WebElement (session="a4a9fa644e30228949fecf7d04df2b03", element="f.645EBC5CE1633710D00977C733E426B7.d.348292FAB5F3C4D5D286478541C5C3E0.e.23")&gt;</var>
<status status="PASS" start="2024-11-25T15:11:22.151259" elapsed="0.018841"/>
</iter>
<iter>
<kw name="Get Text" owner="SeleniumLibrary">
<msg time="2024-11-25T15:11:22.185530" level="INFO">${title} = Twist Matcha Latte 👍</msg>
<var>${title}</var>
<arg>${item}</arg>
<doc>Returns the text value of the element identified by ``locator``.</doc>
<status status="PASS" start="2024-11-25T15:11:22.171481" elapsed="0.014049"/>
</kw>
<kw name="Should Contain" owner="BuiltIn">
<arg>${title.lower()}</arg>
<arg>${search_keyword_matcha.lower()}</arg>
<doc>Fails if ``container`` does not contain ``item`` one or more times.</doc>
<status status="PASS" start="2024-11-25T15:11:22.185530" elapsed="0.002453"/>
</kw>
<var name="${item}">&lt;selenium.webdriver.remote.webelement.WebElement (session="a4a9fa644e30228949fecf7d04df2b03", element="f.645EBC5CE1633710D00977C733E426B7.d.348292FAB5F3C4D5D286478541C5C3E0.e.24")&gt;</var>
<status status="PASS" start="2024-11-25T15:11:22.170100" elapsed="0.017883"/>
</iter>
<var>${item}</var>
<value>@{menus}</value>
<status status="PASS" start="2024-11-25T15:11:22.085565" elapsed="0.102418"/>
</for>
<status status="PASS" start="2024-11-25T15:11:20.957946" elapsed="1.230037"/>
</test>
<kw name="Close Browser" owner="SeleniumLibrary" type="TEARDOWN">
<doc>Closes the current browser.</doc>
<status status="PASS" start="2024-11-25T15:11:22.190092" elapsed="2.263749"/>
</kw>
<status status="PASS" start="2024-11-25T15:11:16.434358" elapsed="8.019483"/>
</suite>
<suite id="s1-s8" name="TestSearch 2" source="C:\Software Quality\Testcase\ITCS473-Project-Phase2-ChickyShiningSparklingStar_CuteCute\project phase 2\automated test cases\TestSearch_2.robot">
<test id="s1-s8-t1" name="Test opening browser" line="19">
<kw name="Open Browser" owner="SeleniumLibrary">
<msg time="2024-11-25T15:11:24.464151" level="INFO">Opening browser 'Chrome' to base url 'http://localhost:3000/'.</msg>
<arg>${bash_url}</arg>
<arg>${browser}</arg>
<doc>Opens a new browser instance to the optional ``url``.</doc>
<status status="PASS" start="2024-11-25T15:11:24.463129" elapsed="4.601257"/>
</kw>
<status status="PASS" start="2024-11-25T15:11:24.461833" elapsed="4.603575"/>
</test>
<test id="s1-s8-t2" name="Test search function with a keyword 'banana'" line="23">
<kw name="Input Text" owner="SeleniumLibrary">
<msg time="2024-11-25T15:11:29.068409" level="INFO">Typing text 'banana' into text field 'css:#searchInput'.</msg>
<arg>${search_bar}</arg>
<arg>${search_keyword_banana}</arg>
<doc>Types the given ``text`` into the text field identified by ``locator``.</doc>
<status status="PASS" start="2024-11-25T15:11:29.067412" elapsed="0.395910"/>
</kw>
<kw name="Wait Until Element Is Visible" owner="SeleniumLibrary">
<arg>${not_found_container}</arg>
<doc>Waits until the element ``locator`` is visible.</doc>
<status status="PASS" start="2024-11-25T15:11:29.464588" elapsed="0.451280"/>
</kw>
<kw name="Get Text" owner="SeleniumLibrary">
<msg time="2024-11-25T15:11:29.952636" level="INFO">${not_found_text} = No Result</msg>
<var>${not_found_text}</var>
<arg>css:#Notfound &gt; p</arg>
<doc>Returns the text value of the element identified by ``locator``.</doc>
<status status="PASS" start="2024-11-25T15:11:29.915868" elapsed="0.036768"/>
</kw>
<kw name="Should Contain" owner="BuiltIn">
<arg>${not_found_text}</arg>
<arg>No Result</arg>
<doc>Fails if ``container`` does not contain ``item`` one or more times.</doc>
<status status="PASS" start="2024-11-25T15:11:29.952636" elapsed="0.000000"/>
</kw>
<status status="PASS" start="2024-11-25T15:11:29.066411" elapsed="0.887236"/>
</test>
<kw name="Close Browser" owner="SeleniumLibrary" type="TEARDOWN">
<doc>Closes the current browser.</doc>
<status status="PASS" start="2024-11-25T15:11:29.955156" elapsed="2.335851"/>
</kw>
<status status="PASS" start="2024-11-25T15:11:24.457109" elapsed="7.833898"/>
</suite>
<suite id="s1-s9" name="TestSearch 3" source="C:\Software Quality\Testcase\ITCS473-Project-Phase2-ChickyShiningSparklingStar_CuteCute\project phase 2\automated test cases\TestSearch_3.robot">
<test id="s1-s9-t1" name="Test opening browser" line="19">
<kw name="Open Browser" owner="SeleniumLibrary">
<msg time="2024-11-25T15:11:32.301682" level="INFO">Opening browser 'Chrome' to base url 'http://localhost:3000/'.</msg>
<arg>${bash_url}</arg>
<arg>${browser}</arg>
<doc>Opens a new browser instance to the optional ``url``.</doc>
<status status="PASS" start="2024-11-25T15:11:32.301682" elapsed="4.033676"/>
</kw>
<status status="PASS" start="2024-11-25T15:11:32.300677" elapsed="4.034681"/>
</test>
<test id="s1-s9-t2" name="Test search function with a keyword 'กาแฟ'" line="23">
<kw name="Input Text" owner="SeleniumLibrary">
<msg time="2024-11-25T15:11:36.337360" level="INFO">Typing text 'กาแฟ' into text field 'css:#searchInput'.</msg>
<arg>${search_bar}</arg>
<arg>${search_keyword_thai}</arg>
<doc>Types the given ``text`` into the text field identified by ``locator``.</doc>
<status status="PASS" start="2024-11-25T15:11:36.337360" elapsed="0.304648"/>
</kw>
<kw name="Wait Until Element Is Visible" owner="SeleniumLibrary">
<arg>${not_found_container}</arg>
<doc>Waits until the element ``locator`` is visible.</doc>
<status status="PASS" start="2024-11-25T15:11:36.642008" elapsed="0.446732"/>
</kw>
<kw name="Get Text" owner="SeleniumLibrary">
<msg time="2024-11-25T15:11:37.116631" level="INFO">${not_found_text} = No Result</msg>
<var>${not_found_text}</var>
<arg>css:#Notfound &gt; p</arg>
<doc>Returns the text value of the element identified by ``locator``.</doc>
<status status="PASS" start="2024-11-25T15:11:37.089907" elapsed="0.026724"/>
</kw>
<kw name="Should Contain" owner="BuiltIn">
<arg>${not_found_text}</arg>
<arg>No Result</arg>
<doc>Fails if ``container`` does not contain ``item`` one or more times.</doc>
<status status="PASS" start="2024-11-25T15:11:37.116631" elapsed="0.000000"/>
</kw>
<status status="PASS" start="2024-11-25T15:11:36.336363" elapsed="0.781643"/>
</test>
<kw name="Close Browser" owner="SeleniumLibrary" type="TEARDOWN">
<doc>Closes the current browser.</doc>
<status status="PASS" start="2024-11-25T15:11:37.119021" elapsed="2.324394"/>
</kw>
<status status="PASS" start="2024-11-25T15:11:32.293359" elapsed="7.150056"/>
</suite>
<status status="PASS" start="2024-11-25T15:10:23.490985" elapsed="75.955382"/>
</suite>
<statistics>
<total>
<stat pass="33" fail="0" skip="0">All Tests</stat>
</total>
<tag>
</tag>
<suite>
<stat pass="33" fail="0" skip="0" id="s1" name="TestAddCart 1 &amp; TestAddCart 2 &amp; TestAddCart 3 &amp; TestFilterBakery &amp; TestFilterCoffee &amp; TestFilterMatcha &amp; TestSearch 1 &amp; TestSearch 2 &amp; TestSearch 3">TestAddCart 1 &amp; TestAddCart 2 &amp; TestAddCart 3 &amp; TestFilterBakery &amp; TestFilterCoffee &amp; TestFilterMatcha &amp; TestSearch 1 &amp; TestSearch 2 &amp; TestSearch 3</stat>
<stat pass="7" fail="0" skip="0" id="s1-s1" name="TestAddCart 1">TestAddCart 1 &amp; TestAddCart 2 &amp; TestAddCart 3 &amp; TestFilterBakery &amp; TestFilterCoffee &amp; TestFilterMatcha &amp; TestSearch 1 &amp; TestSearch 2 &amp; TestSearch 3.TestAddCart 1</stat>
<stat pass="11" fail="0" skip="0" id="s1-s2" name="TestAddCart 2">TestAddCart 1 &amp; TestAddCart 2 &amp; TestAddCart 3 &amp; TestFilterBakery &amp; TestFilterCoffee &amp; TestFilterMatcha &amp; TestSearch 1 &amp; TestSearch 2 &amp; TestSearch 3.TestAddCart 2</stat>
<stat pass="6" fail="0" skip="0" id="s1-s3" name="TestAddCart 3">TestAddCart 1 &amp; TestAddCart 2 &amp; TestAddCart 3 &amp; TestFilterBakery &amp; TestFilterCoffee &amp; TestFilterMatcha &amp; TestSearch 1 &amp; TestSearch 2 &amp; TestSearch 3.TestAddCart 3</stat>
<stat pass="1" fail="0" skip="0" id="s1-s4" name="TestFilterBakery">TestAddCart 1 &amp; TestAddCart 2 &amp; TestAddCart 3 &amp; TestFilterBakery &amp; TestFilterCoffee &amp; TestFilterMatcha &amp; TestSearch 1 &amp; TestSearch 2 &amp; TestSearch 3.TestFilterBakery</stat>
<stat pass="1" fail="0" skip="0" id="s1-s5" name="TestFilterCoffee">TestAddCart 1 &amp; TestAddCart 2 &amp; TestAddCart 3 &amp; TestFilterBakery &amp; TestFilterCoffee &amp; TestFilterMatcha &amp; TestSearch 1 &amp; TestSearch 2 &amp; TestSearch 3.TestFilterCoffee</stat>
<stat pass="1" fail="0" skip="0" id="s1-s6" name="TestFilterMatcha">TestAddCart 1 &amp; TestAddCart 2 &amp; TestAddCart 3 &amp; TestFilterBakery &amp; TestFilterCoffee &amp; TestFilterMatcha &amp; TestSearch 1 &amp; TestSearch 2 &amp; TestSearch 3.TestFilterMatcha</stat>
<stat pass="2" fail="0" skip="0" id="s1-s7" name="TestSearch 1">TestAddCart 1 &amp; TestAddCart 2 &amp; TestAddCart 3 &amp; TestFilterBakery &amp; TestFilterCoffee &amp; TestFilterMatcha &amp; TestSearch 1 &amp; TestSearch 2 &amp; TestSearch 3.TestSearch 1</stat>
<stat pass="2" fail="0" skip="0" id="s1-s8" name="TestSearch 2">TestAddCart 1 &amp; TestAddCart 2 &amp; TestAddCart 3 &amp; TestFilterBakery &amp; TestFilterCoffee &amp; TestFilterMatcha &amp; TestSearch 1 &amp; TestSearch 2 &amp; TestSearch 3.TestSearch 2</stat>
<stat pass="2" fail="0" skip="0" id="s1-s9" name="TestSearch 3">TestAddCart 1 &amp; TestAddCart 2 &amp; TestAddCart 3 &amp; TestFilterBakery &amp; TestFilterCoffee &amp; TestFilterMatcha &amp; TestSearch 1 &amp; TestSearch 2 &amp; TestSearch 3.TestSearch 3</stat>
</suite>
</statistics>
<errors>
</errors>
</robot>
