<?xml version="1.0" encoding="UTF-8"?>
<coverage generated="1732125600272" clover="3.2.0">
  <project timestamp="1732125600273" name="All files">
    <metrics statements="62" coveredstatements="61" conditionals="31" coveredconditionals="30" methods="14" coveredmethods="14" elements="107" coveredelements="105" complexity="0" loc="62" ncloc="62" packages="3" files="3" classes="3"/>
    <package name="Database beverage">
      <metrics statements="19" coveredstatements="19" conditionals="10" coveredconditionals="10" methods="5" coveredmethods="5"/>
      <file name="beverageController.js" path="/home/best/Bash/ITCS473-Project-Phase2-ChickyShiningSparklingStar_CuteCute/project phase 2/BashCoffee-CompanyA-backend/Database beverage/beverageController.js">
        <metrics statements="19" coveredstatements="19" conditionals="10" coveredconditionals="10" methods="5" coveredmethods="5"/>
        <line num="22" count="2" type="stmt"/>
        <line num="24" count="2" type="stmt"/>
        <line num="25" count="2" type="cond" truecount="2" falsecount="0"/>
        <line num="26" count="2" type="cond" truecount="2" falsecount="0"/>
        <line num="28" count="2" type="stmt"/>
        <line num="29" count="2" type="cond" truecount="2" falsecount="0"/>
        <line num="30" count="1" type="stmt"/>
        <line num="33" count="1" type="stmt"/>
        <line num="49" count="2" type="stmt"/>
        <line num="51" count="2" type="cond" truecount="2" falsecount="0"/>
        <line num="52" count="1" type="stmt"/>
        <line num="55" count="1" type="stmt"/>
        <line num="71" count="2" type="stmt"/>
        <line num="73" count="2" type="cond" truecount="2" falsecount="0"/>
        <line num="74" count="1" type="stmt"/>
        <line num="77" count="1" type="stmt"/>
        <line num="89" count="1" type="stmt"/>
        <line num="91" count="1" type="stmt"/>
        <line num="98" count="1" type="stmt"/>
      </file>
    </package>
    <package name="Database member">
      <metrics statements="23" coveredstatements="22" conditionals="11" coveredconditionals="10" methods="4" coveredmethods="4"/>
      <file name="memberController.js" path="/home/best/Bash/ITCS473-Project-Phase2-ChickyShiningSparklingStar_CuteCute/project phase 2/BashCoffee-CompanyA-backend/Database member/memberController.js">
        <metrics statements="23" coveredstatements="22" conditionals="11" coveredconditionals="10" methods="4" coveredmethods="4"/>
        <line num="36" count="3" type="stmt"/>
        <line num="38" count="3" type="cond" truecount="5" falsecount="0"/>
        <line num="39" count="1" type="stmt"/>
        <line num="42" count="2" type="stmt"/>
        <line num="43" count="2" type="cond" truecount="2" falsecount="0"/>
        <line num="44" count="1" type="stmt"/>
        <line num="47" count="1" type="stmt"/>
        <line num="55" count="1" type="cond" truecount="1" falsecount="1"/>
        <line num="56" count="1" type="stmt"/>
        <line num="58" count="0" type="stmt"/>
        <line num="61" count="1" type="stmt"/>
        <line num="62" count="1" type="stmt"/>
        <line num="63" count="1" type="stmt"/>
        <line num="65" count="1" type="stmt"/>
        <line num="82" count="2" type="stmt"/>
        <line num="83" count="2" type="cond" truecount="2" falsecount="0"/>
        <line num="84" count="1" type="stmt"/>
        <line num="86" count="1" type="stmt"/>
        <line num="98" count="1" type="stmt"/>
        <line num="99" count="1" type="stmt"/>
        <line num="111" count="1" type="stmt"/>
        <line num="112" count="1" type="stmt"/>
        <line num="115" count="1" type="stmt"/>
      </file>
    </package>
    <package name="Database promotion">
      <metrics statements="20" coveredstatements="20" conditionals="10" coveredconditionals="10" methods="5" coveredmethods="5"/>
      <file name="promotionController.js" path="/home/best/Bash/ITCS473-Project-Phase2-ChickyShiningSparklingStar_CuteCute/project phase 2/BashCoffee-CompanyA-backend/Database promotion/promotionController.js">
        <metrics statements="20" coveredstatements="20" conditionals="10" coveredconditionals="10" methods="5" coveredmethods="5"/>
        <line num="12" count="1" type="stmt"/>
        <line num="13" count="1" type="stmt"/>
        <line num="30" count="2" type="stmt"/>
        <line num="31" count="2" type="cond" truecount="2" falsecount="0"/>
        <line num="32" count="1" type="stmt"/>
        <line num="34" count="1" type="stmt"/>
        <line num="52" count="2" type="stmt"/>
        <line num="53" count="2" type="cond" truecount="4" falsecount="0"/>
        <line num="54" count="1" type="stmt"/>
        <line num="56" count="1" type="stmt"/>
        <line num="57" count="1" type="stmt"/>
        <line num="73" count="2" type="stmt"/>
        <line num="77" count="2" type="cond" truecount="2" falsecount="0"/>
        <line num="78" count="1" type="stmt"/>
        <line num="80" count="1" type="stmt"/>
        <line num="96" count="2" type="stmt"/>
        <line num="97" count="2" type="cond" truecount="2" falsecount="0"/>
        <line num="98" count="1" type="stmt"/>
        <line num="100" count="1" type="stmt"/>
        <line num="103" count="1" type="stmt"/>
      </file>
    </package>
  </project>
</coverage>
