{"/home/best/Bash/ITCS473-Project-Phase2-ChickyShiningSparklingStar_CuteCute/project phase 2/BashCoffee-CompanyA-backend/Database beverage/beverageController.js": {"path":"/home/best/Bash/ITCS473-Project-Phase2-ChickyShiningSparklingStar_CuteCute/project phase 2/BashCoffee-CompanyA-backend/Database beverage/beverageController.js","statementMap":{"0":{"start":{"line":22,"column":27},"end":{"line":22,"column":32}},"1":{"start":{"line":24,"column":19},"end":{"line":24,"column":21}},"2":{"start":{"line":25,"column":4},"end":{"line":25,"column":39}},"3":{"start":{"line":25,"column":14},"end":{"line":25,"column":39}},"4":{"start":{"line":26,"column":4},"end":{"line":26,"column":38}},"5":{"start":{"line":26,"column":14},"end":{"line":26,"column":38}},"6":{"start":{"line":28,"column":22},"end":{"line":28,"column":76}},"7":{"start":{"line":29,"column":4},"end":{"line":31,"column":5}},"8":{"start":{"line":30,"column":6},"end":{"line":30,"column":67}},"9":{"start":{"line":33,"column":4},"end":{"line":33,"column":21}},"10":{"start":{"line":49,"column":21},"end":{"line":49,"column":82}},"11":{"start":{"line":51,"column":4},"end":{"line":53,"column":5}},"12":{"start":{"line":52,"column":6},"end":{"line":52,"column":45}},"13":{"start":{"line":55,"column":4},"end":{"line":55,"column":20}},"14":{"start":{"line":71,"column":22},"end":{"line":71,"column":89}},"15":{"start":{"line":73,"column":4},"end":{"line":75,"column":5}},"16":{"start":{"line":74,"column":6},"end":{"line":74,"column":68}},"17":{"start":{"line":77,"column":4},"end":{"line":77,"column":21}},"18":{"start":{"line":89,"column":22},"end":{"line":89,"column":72}},"19":{"start":{"line":91,"column":4},"end":{"line":95,"column":8}},"20":{"start":{"line":91,"column":40},"end":{"line":95,"column":5}},"21":{"start":{"line":98,"column":2},"end":{"line":103,"column":4}}},"fnMap":{"0":{"name":"getAllBeverages","decl":{"start":{"line":21,"column":17},"end":{"line":21,"column":32}},"loc":{"start":{"line":21,"column":44},"end":{"line":34,"column":3}},"line":21},"1":{"name":"getBeverageByName","decl":{"start":{"line":48,"column":17},"end":{"line":48,"column":34}},"loc":{"start":{"line":48,"column":45},"end":{"line":56,"column":3}},"line":48},"2":{"name":"getBeveragesByType","decl":{"start":{"line":70,"column":17},"end":{"line":70,"column":35}},"loc":{"start":{"line":70,"column":46},"end":{"line":78,"column":3}},"line":70},"3":{"name":"getBeveragesWithImages","decl":{"start":{"line":88,"column":17},"end":{"line":88,"column":39}},"loc":{"start":{"line":88,"column":44},"end":{"line":96,"column":3}},"line":88},"4":{"name":"(anonymous_4)","decl":{"start":{"line":91,"column":25},"end":{"line":91,"column":26}},"loc":{"start":{"line":91,"column":40},"end":{"line":95,"column":5}},"line":91}},"branchMap":{"0":{"loc":{"start":{"line":25,"column":4},"end":{"line":25,"column":39}},"type":"if","locations":[{"start":{"line":25,"column":4},"end":{"line":25,"column":39}},{"start":{},"end":{}}],"line":25},"1":{"loc":{"start":{"line":26,"column":4},"end":{"line":26,"column":38}},"type":"if","locations":[{"start":{"line":26,"column":4},"end":{"line":26,"column":38}},{"start":{},"end":{}}],"line":26},"2":{"loc":{"start":{"line":29,"column":4},"end":{"line":31,"column":5}},"type":"if","locations":[{"start":{"line":29,"column":4},"end":{"line":31,"column":5}},{"start":{},"end":{}}],"line":29},"3":{"loc":{"start":{"line":51,"column":4},"end":{"line":53,"column":5}},"type":"if","locations":[{"start":{"line":51,"column":4},"end":{"line":53,"column":5}},{"start":{},"end":{}}],"line":51},"4":{"loc":{"start":{"line":73,"column":4},"end":{"line":75,"column":5}},"type":"if","locations":[{"start":{"line":73,"column":4},"end":{"line":75,"column":5}},{"start":{},"end":{}}],"line":73}},"s":{"0":2,"1":2,"2":2,"3":1,"4":2,"5":1,"6":2,"7":2,"8":1,"9":1,"10":2,"11":2,"12":1,"13":1,"14":2,"15":2,"16":1,"17":1,"18":1,"19":1,"20":1,"21":1},"f":{"0":2,"1":2,"2":2,"3":1,"4":1},"b":{"0":[1,1],"1":[1,1],"2":[1,1],"3":[1,1],"4":[1,1]},"_coverageSchema":"1a1c01bbd47fc00a2c39e90264f33305004495a9","hash":"4a33dcc50d91f3300622395a94435bde6a254dec"}
,"/home/best/Bash/ITCS473-Project-Phase2-ChickyShiningSparklingStar_CuteCute/project phase 2/BashCoffee-CompanyA-backend/Database member/memberController.js": {"path":"/home/best/Bash/ITCS473-Project-Phase2-ChickyShiningSparklingStar_CuteCute/project phase 2/BashCoffee-CompanyA-backend/Database member/memberController.js","statementMap":{"0":{"start":{"line":36,"column":33},"end":{"line":36,"column":43}},"1":{"start":{"line":38,"column":2},"end":{"line":40,"column":3}},"2":{"start":{"line":39,"column":4},"end":{"line":39,"column":54}},"3":{"start":{"line":42,"column":25},"end":{"line":42,"column":71}},"4":{"start":{"line":43,"column":2},"end":{"line":45,"column":3}},"5":{"start":{"line":44,"column":4},"end":{"line":44,"column":68}},"6":{"start":{"line":47,"column":21},"end":{"line":52,"column":14}},"7":{"start":{"line":55,"column":2},"end":{"line":59,"column":3}},"8":{"start":{"line":56,"column":4},"end":{"line":56,"column":32}},"9":{"start":{"line":58,"column":4},"end":{"line":58,"column":12}},"10":{"start":{"line":61,"column":17},"end":{"line":61,"column":18}},"11":{"start":{"line":62,"column":20},"end":{"line":62,"column":55}},"12":{"start":{"line":63,"column":2},"end":{"line":63,"column":53}},"13":{"start":{"line":65,"column":2},"end":{"line":65,"column":19}},"14":{"start":{"line":82,"column":17},"end":{"line":82,"column":68}},"15":{"start":{"line":83,"column":2},"end":{"line":85,"column":3}},"16":{"start":{"line":84,"column":4},"end":{"line":84,"column":40}},"17":{"start":{"line":86,"column":2},"end":{"line":86,"column":16}},"18":{"start":{"line":98,"column":18},"end":{"line":98,"column":66}},"19":{"start":{"line":99,"column":2},"end":{"line":99,"column":17}},"20":{"start":{"line":111,"column":17},"end":{"line":111,"column":65}},"21":{"start":{"line":112,"column":2},"end":{"line":112,"column":16}},"22":{"start":{"line":115,"column":0},"end":{"line":120,"column":2}}},"fnMap":{"0":{"name":"addMember","decl":{"start":{"line":35,"column":15},"end":{"line":35,"column":24}},"loc":{"start":{"line":35,"column":41},"end":{"line":66,"column":1}},"line":35},"1":{"name":"getMemberByPhoneNumber","decl":{"start":{"line":81,"column":15},"end":{"line":81,"column":37}},"loc":{"start":{"line":81,"column":47},"end":{"line":87,"column":1}},"line":81},"2":{"name":"getAllMembers","decl":{"start":{"line":97,"column":15},"end":{"line":97,"column":28}},"loc":{"start":{"line":97,"column":33},"end":{"line":100,"column":1}},"line":97},"3":{"name":"getRecordHistory","decl":{"start":{"line":110,"column":15},"end":{"line":110,"column":31}},"loc":{"start":{"line":110,"column":36},"end":{"line":113,"column":1}},"line":110}},"branchMap":{"0":{"loc":{"start":{"line":38,"column":2},"end":{"line":40,"column":3}},"type":"if","locations":[{"start":{"line":38,"column":2},"end":{"line":40,"column":3}},{"start":{},"end":{}}],"line":38},"1":{"loc":{"start":{"line":38,"column":6},"end":{"line":38,"column":44}},"type":"binary-expr","locations":[{"start":{"line":38,"column":6},"end":{"line":38,"column":12}},{"start":{"line":38,"column":16},"end":{"line":38,"column":20}},{"start":{"line":38,"column":24},"end":{"line":38,"column":44}}],"line":38},"2":{"loc":{"start":{"line":43,"column":2},"end":{"line":45,"column":3}},"type":"if","locations":[{"start":{"line":43,"column":2},"end":{"line":45,"column":3}},{"start":{},"end":{}}],"line":43},"3":{"loc":{"start":{"line":55,"column":2},"end":{"line":59,"column":3}},"type":"if","locations":[{"start":{"line":55,"column":2},"end":{"line":59,"column":3}},{"start":{"line":57,"column":9},"end":{"line":59,"column":3}}],"line":55},"4":{"loc":{"start":{"line":83,"column":2},"end":{"line":85,"column":3}},"type":"if","locations":[{"start":{"line":83,"column":2},"end":{"line":85,"column":3}},{"start":{},"end":{}}],"line":83}},"s":{"0":3,"1":3,"2":1,"3":2,"4":2,"5":1,"6":1,"7":1,"8":1,"9":0,"10":1,"11":1,"12":1,"13":1,"14":2,"15":2,"16":1,"17":1,"18":1,"19":1,"20":1,"21":1,"22":1},"f":{"0":3,"1":2,"2":1,"3":1},"b":{"0":[1,2],"1":[3,2,2],"2":[1,1],"3":[1,0],"4":[1,1]},"_coverageSchema":"1a1c01bbd47fc00a2c39e90264f33305004495a9","hash":"7a59527badf67124a9fbe790d99d465f701b72db"}
,"/home/best/Bash/ITCS473-Project-Phase2-ChickyShiningSparklingStar_CuteCute/project phase 2/BashCoffee-CompanyA-backend/Database promotion/promotionController.js": {"path":"/home/best/Bash/ITCS473-Project-Phase2-ChickyShiningSparklingStar_CuteCute/project phase 2/BashCoffee-CompanyA-backend/Database promotion/promotionController.js","statementMap":{"0":{"start":{"line":12,"column":23},"end":{"line":12,"column":74}},"1":{"start":{"line":13,"column":4},"end":{"line":13,"column":22}},"2":{"start":{"line":30,"column":22},"end":{"line":30,"column":78}},"3":{"start":{"line":31,"column":4},"end":{"line":33,"column":5}},"4":{"start":{"line":32,"column":8},"end":{"line":32,"column":48}},"5":{"start":{"line":34,"column":4},"end":{"line":34,"column":21}},"6":{"start":{"line":52,"column":42},"end":{"line":52,"column":55}},"7":{"start":{"line":53,"column":4},"end":{"line":55,"column":5}},"8":{"start":{"line":54,"column":8},"end":{"line":54,"column":77}},"9":{"start":{"line":56,"column":4},"end":{"line":56,"column":62}},"10":{"start":{"line":57,"column":4},"end":{"line":57,"column":25}},"11":{"start":{"line":73,"column":19},"end":{"line":76,"column":5}},"12":{"start":{"line":77,"column":4},"end":{"line":79,"column":5}},"13":{"start":{"line":78,"column":8},"end":{"line":78,"column":48}},"14":{"start":{"line":80,"column":4},"end":{"line":80,"column":57}},"15":{"start":{"line":96,"column":19},"end":{"line":96,"column":77}},"16":{"start":{"line":97,"column":4},"end":{"line":99,"column":5}},"17":{"start":{"line":98,"column":8},"end":{"line":98,"column":48}},"18":{"start":{"line":100,"column":4},"end":{"line":100,"column":57}},"19":{"start":{"line":103,"column":0},"end":{"line":109,"column":2}}},"fnMap":{"0":{"name":"getAllPromotions","decl":{"start":{"line":11,"column":15},"end":{"line":11,"column":31}},"loc":{"start":{"line":11,"column":36},"end":{"line":14,"column":1}},"line":11},"1":{"name":"getPromotionById","decl":{"start":{"line":29,"column":15},"end":{"line":29,"column":31}},"loc":{"start":{"line":29,"column":40},"end":{"line":35,"column":1}},"line":29},"2":{"name":"addPromotion","decl":{"start":{"line":51,"column":15},"end":{"line":51,"column":27}},"loc":{"start":{"line":51,"column":47},"end":{"line":58,"column":1}},"line":51},"3":{"name":"updatePromotion","decl":{"start":{"line":72,"column":15},"end":{"line":72,"column":30}},"loc":{"start":{"line":72,"column":57},"end":{"line":81,"column":1}},"line":72},"4":{"name":"deletePromotion","decl":{"start":{"line":95,"column":15},"end":{"line":95,"column":30}},"loc":{"start":{"line":95,"column":39},"end":{"line":101,"column":1}},"line":95}},"branchMap":{"0":{"loc":{"start":{"line":31,"column":4},"end":{"line":33,"column":5}},"type":"if","locations":[{"start":{"line":31,"column":4},"end":{"line":33,"column":5}},{"start":{},"end":{}}],"line":31},"1":{"loc":{"start":{"line":53,"column":4},"end":{"line":55,"column":5}},"type":"if","locations":[{"start":{"line":53,"column":4},"end":{"line":55,"column":5}},{"start":{},"end":{}}],"line":53},"2":{"loc":{"start":{"line":53,"column":8},"end":{"line":53,"column":37}},"type":"binary-expr","locations":[{"start":{"line":53,"column":8},"end":{"line":53,"column":15}},{"start":{"line":53,"column":19},"end":{"line":53,"column":37}}],"line":53},"3":{"loc":{"start":{"line":77,"column":4},"end":{"line":79,"column":5}},"type":"if","locations":[{"start":{"line":77,"column":4},"end":{"line":79,"column":5}},{"start":{},"end":{}}],"line":77},"4":{"loc":{"start":{"line":97,"column":4},"end":{"line":99,"column":5}},"type":"if","locations":[{"start":{"line":97,"column":4},"end":{"line":99,"column":5}},{"start":{},"end":{}}],"line":97}},"s":{"0":1,"1":1,"2":2,"3":2,"4":1,"5":1,"6":2,"7":2,"8":1,"9":1,"10":1,"11":2,"12":2,"13":1,"14":1,"15":2,"16":2,"17":1,"18":1,"19":1},"f":{"0":1,"1":2,"2":2,"3":2,"4":2},"b":{"0":[1,1],"1":[1,1],"2":[2,1],"3":[1,1],"4":[1,1]},"_coverageSchema":"1a1c01bbd47fc00a2c39e90264f33305004495a9","hash":"6f6f34f6e70f5e811e73dfdf4fbb812041a65f4b"}
}
