TN:
SF:Database beverage/beverageController.js
FN:21,getAllBeverages
FN:48,getBeverageByName
FN:70,getBeveragesByType
FN:88,getBeveragesWithImages
FN:91,(anonymous_4)
FNF:5
FNH:5
FNDA:2,getAllBeverages
FNDA:2,getBeverageByName
FNDA:2,getBeveragesByType
FNDA:1,getBeveragesWithImages
FNDA:1,(anonymous_4)
DA:22,2
DA:24,2
DA:25,2
DA:26,2
DA:28,2
DA:29,2
DA:30,1
DA:33,1
DA:49,2
DA:51,2
DA:52,1
DA:55,1
DA:71,2
DA:73,2
DA:74,1
DA:77,1
DA:89,1
DA:91,1
DA:98,1
LF:19
LH:19
BRDA:25,0,0,1
BRDA:25,0,1,1
BRDA:26,1,0,1
BRDA:26,1,1,1
BRDA:29,2,0,1
BRDA:29,2,1,1
BRDA:51,3,0,1
BRDA:51,3,1,1
BRDA:73,4,0,1
BRDA:73,4,1,1
BRF:10
BRH:10
end_of_record
TN:
SF:Database member/memberController.js
FN:35,addMember
FN:81,getMemberByPhoneNumber
FN:97,getAllMembers
FN:110,getRecordHistory
FNF:4
FNH:4
FNDA:3,addMember
FNDA:2,getMemberByPhoneNumber
FNDA:1,getAllMembers
FNDA:1,getRecordHistory
DA:36,3
DA:38,3
DA:39,1
DA:42,2
DA:43,2
DA:44,1
DA:47,1
DA:55,1
DA:56,1
DA:58,0
DA:61,1
DA:62,1
DA:63,1
DA:65,1
DA:82,2
DA:83,2
DA:84,1
DA:86,1
DA:98,1
DA:99,1
DA:111,1
DA:112,1
DA:115,1
LF:23
LH:22
BRDA:38,0,0,1
BRDA:38,0,1,2
BRDA:38,1,0,3
BRDA:38,1,1,2
BRDA:38,1,2,2
BRDA:43,2,0,1
BRDA:43,2,1,1
BRDA:55,3,0,1
BRDA:55,3,1,0
BRDA:83,4,0,1
BRDA:83,4,1,1
BRF:11
BRH:10
end_of_record
TN:
SF:Database promotion/promotionController.js
FN:11,getAllPromotions
FN:29,getPromotionById
FN:51,addPromotion
FN:72,updatePromotion
FN:95,deletePromotion
FNF:5
FNH:5
FNDA:1,getAllPromotions
FNDA:2,getPromotionById
FNDA:2,addPromotion
FNDA:2,updatePromotion
FNDA:2,deletePromotion
DA:12,1
DA:13,1
DA:30,2
DA:31,2
DA:32,1
DA:34,1
DA:52,2
DA:53,2
DA:54,1
DA:56,1
DA:57,1
DA:73,2
DA:77,2
DA:78,1
DA:80,1
DA:96,2
DA:97,2
DA:98,1
DA:100,1
DA:103,1
LF:20
LH:20
BRDA:31,0,0,1
BRDA:31,0,1,1
BRDA:53,1,0,1
BRDA:53,1,1,1
BRDA:53,2,0,2
BRDA:53,2,1,1
BRDA:77,3,0,1
BRDA:77,3,1,1
BRDA:97,4,0,1
BRDA:97,4,1,1
BRF:10
BRH:10
end_of_record
