TN:
SF:src/lib/utilsCart.ts
FN:26,handleAddToCart
FN:67,handleAddOnClick
FNF:2
FNH:2
FNDA:3,handleAddToCart
FNDA:3,handleAddOnClick
DA:1,1
DA:2,1
DA:3,1
DA:4,1
DA:5,1
DA:6,1
DA:7,1
DA:8,1
DA:9,1
DA:10,1
DA:11,1
DA:12,1
DA:13,1
DA:14,1
DA:15,1
DA:16,1
DA:17,1
DA:18,1
DA:19,1
DA:20,1
DA:21,1
DA:22,1
DA:23,1
DA:24,1
DA:25,1
DA:26,1
DA:27,3
DA:28,3
DA:29,3
DA:30,3
DA:31,3
DA:32,3
DA:33,3
DA:34,3
DA:35,3
DA:36,3
DA:37,1
DA:38,1
DA:39,3
DA:40,1
DA:41,1
DA:42,1
DA:43,3
DA:44,0
DA:45,0
DA:46,0
DA:47,1
DA:48,1
DA:49,1
DA:50,1
DA:51,1
DA:52,1
DA:53,3
DA:54,3
DA:55,3
DA:56,3
DA:57,3
DA:58,3
DA:59,3
DA:60,3
DA:61,3
DA:62,3
DA:63,3
DA:64,3
DA:65,3
DA:66,1
DA:67,1
DA:68,3
DA:69,3
DA:70,3
DA:71,3
DA:72,3
DA:73,1
DA:74,1
DA:75,1
DA:76,2
DA:77,2
DA:78,2
LF:78
LH:75
BRDA:26,0,0,3
BRDA:36,1,0,1
BRDA:38,2,0,2
BRDA:39,3,0,1
BRDA:43,4,0,0
BRDA:46,5,0,1
BRDA:53,6,0,0
BRDA:53,7,0,0
BRDA:60,8,0,0
BRDA:60,9,0,1
BRDA:56,10,0,1
BRDA:67,11,0,3
BRDA:72,12,0,1
BRDA:75,13,0,2
BRDA:72,14,0,2
BRDA:74,15,0,1
BRF:16
BRH:12
end_of_record
TN:
SF:src/lib/utilsSort.ts
FN:14,handleSortChange
FNF:1
FNH:1
FNDA:6,handleSortChange
DA:1,1
DA:2,1
DA:3,1
DA:4,1
DA:5,1
DA:6,1
DA:7,1
DA:8,1
DA:9,1
DA:10,1
DA:11,1
DA:12,1
DA:13,1
DA:14,1
DA:15,6
DA:16,6
DA:17,4
DA:18,12
DA:19,12
DA:20,12
DA:21,12
DA:22,12
DA:23,12
DA:24,6
DA:25,1
DA:26,4
DA:27,4
DA:28,4
DA:29,4
DA:30,4
DA:31,4
DA:32,1
DA:33,6
DA:34,6
LF:34
LH:34
BRDA:14,0,0,6
BRDA:16,1,0,4
BRDA:24,2,0,2
BRDA:24,3,0,1
BRDA:17,4,0,12
BRDA:19,5,0,8
BRDA:19,6,0,4
BRDA:21,7,0,8
BRDA:21,8,0,4
BRDA:25,9,0,4
BRDA:27,10,0,0
BRDA:29,11,0,0
BRF:12
BRH:10
end_of_record
